This is XeTeX, Version 3.14159265-2.6-0.99996 (MiKTeX 2.9.6100 64-bit) (preloaded format=xelatex 2017.1.3)  7 MAY 2017 14:05
entering extended mode
**./ack.tex
(ack.tex
LaTeX2e <2016/03/31> patch level 3
Babel <3.9r> and hyphenation patterns for 75 language(s) loaded.

! LaTeX Error: Environment ack undefined.

See the LaTeX manual or LaTeX Companion for explanation.
Type  H <return>  for immediate help.
 ...                                              
                                                  
l.1 \begin{ack}
               
Your command was ignored.
Type  I <command> <return>  to replace it with another command,
or  <return>  to continue without it.


! LaTeX Error: Missing \begin{document}.

See the LaTeX manual or LaTeX Companion for explanation.
Type  H <return>  for immediate help.
 ...                                              
                                                  
l.3 è¡·
       å¿ƒæ„Ÿè°¢å­™ç«‹å³°è€å¸ˆå¯¹æˆ‘çš„å¸®åŠ©ä¸æŒ‡å¯¼ã€‚åœ¨ç§‘ç ”å·¥ä½œä¸Š...

You're in trouble here.  Try typing  <return>  to proceed.
If that doesn't work, type  X <return>  to quit.

Missing character: There is no è¡· in font nullfont!
Missing character: There is no å¿ƒ in font nullfont!
Missing character: There is no æ„Ÿ in font nullfont!
Missing character: There is no è°¢ in font nullfont!
Missing character: There is no å­™ in font nullfont!
Missing character: There is no ç«‹ in font nullfont!
Missing character: There is no å³° in font nullfont!
Missing character: There is no è€ in font nullfont!
Missing character: There is no å¸ˆ in font nullfont!
Missing character: There is no å¯¹ in font nullfont!
Missing character: There is no æˆ‘ in font nullfont!
Missing character: There is no çš„ in font nullfont!
Missing character: There is no å¸® in font nullfont!
Missing character: There is no åŠ© in font nullfont!
Missing character: There is no ä¸ in font nullfont!
Missing character: There is no æŒ‡ in font nullfont!
Missing character: There is no å¯¼ in font nullfont!
Missing character: There is no ã€‚ in font nullfont!
Missing character: There is no åœ¨ in font nullfont!
Missing character: There is no ç§‘ in font nullfont!
Missing character: There is no ç ” in font nullfont!
Missing character: There is no å·¥ in font nullfont!
Missing character: There is no ä½œ in font nullfont!
Missing character: There is no ä¸Š in font nullfont!
Missing character: There is no ï¼Œ in font nullfont!
Missing character: There is no å­™ in font nullfont!
Missing character: There is no è€ in font nullfont!
Missing character: There is no å¸ˆ in font nullfont!
Missing character: There is no è¨€ in font nullfont!
Missing character: There is no ä¼  in font nullfont!
Missing character: There is no èº« in font nullfont!
Missing character: There is no æ•™ in font nullfont!
Missing character: There is no ã€‚ in font nullfont!
Missing character: There is no ä¸ in font nullfont!
Missing character: There is no ä½† in font nullfont!
Missing character: There is no ä»– in font nullfont!
Missing character: There is no å‹¤ in font nullfont!
Missing character: There is no å¥‹ in font nullfont!
Missing character: There is no è¸ in font nullfont!
Missing character: There is no å® in font nullfont!
Missing character: There is no çš„ in font nullfont!
Missing character: There is no å·¥ in font nullfont!
Missing character: There is no ä½œ in font nullfont!
Missing character: There is no ä½œ in font nullfont!
Missing character: There is no é£ in font nullfont!
Missing character: There is no ã€ in font nullfont!
Missing character: There is no æ¸Š in font nullfont!
Missing character: There is no åš in font nullfont!
Missing character: There is no çš„ in font nullfont!
Missing character: There is no å­¦ in font nullfont!
Missing character: There is no è¯† in font nullfont!
Missing character: There is no ç­‰ in font nullfont!
Missing character: There is no ä¼˜ in font nullfont!
Missing character: There is no ç§€ in font nullfont!
Missing character: There is no çš„ in font nullfont!
Missing character: There is no ä¸ª in font nullfont!
Missing character: There is no äºº in font nullfont!
Missing character: There is no å“ in font nullfont!
Missing character: There is no è´¨ in font nullfont!
Missing character: There is no å½± in font nullfont!
Missing character: There is no å“ in font nullfont!
Missing character: There is no ç€ in font nullfont!
Missing character: There is no æˆ‘ in font nullfont!
Missing character: There is no ï¼Œ in font nullfont!
Missing character: There is no æ›´ in font nullfont!
Missing character: There is no æ˜¯ in font nullfont!
Missing character: There is no ç»™ in font nullfont!
Missing character: There is no äºˆ in font nullfont!
Missing character: There is no æˆ‘ in font nullfont!
Missing character: There is no è€ in font nullfont!
Missing character: There is no å¿ƒ in font nullfont!
Missing character: There is no ç»† in font nullfont!
Missing character: There is no è‡´ in font nullfont!
Missing character: There is no çš„ in font nullfont!
Missing character: There is no å¸® in font nullfont!
Missing character: There is no åŠ© in font nullfont!
Missing character: There is no å’Œ in font nullfont!
Missing character: There is no æŒ‡ in font nullfont!
Missing character: There is no ç‚¹ in font nullfont!
Missing character: There is no ã€‚ in font nullfont!
Missing character: There is no åœ¨ in font nullfont!
Missing character: There is no å­¦ in font nullfont!
Missing character: There is no ä¹  in font nullfont!
Missing character: There is no ç”Ÿ in font nullfont!
Missing character: There is no æ´» in font nullfont!
Missing character: There is no ä¸­ in font nullfont!
Missing character: There is no ï¼Œ in font nullfont!
Missing character: There is no å­™ in font nullfont!
Missing character: There is no è€ in font nullfont!
Missing character: There is no å¸ˆ in font nullfont!
Missing character: There is no è°¦ in font nullfont!
Missing character: There is no å’Œ in font nullfont!
Missing character: There is no å¹½ in font nullfont!
Missing character: There is no é»˜ in font nullfont!
Missing character: There is no ï¼Œ in font nullfont!
Missing character: There is no å…³ in font nullfont!
Missing character: There is no å¿ƒ in font nullfont!
Missing character: There is no å­¦ in font nullfont!
Missing character: There is no ç”Ÿ in font nullfont!
Missing character: There is no ï¼Œ in font nullfont!
Missing character: There is no ç»™ in font nullfont!
Missing character: There is no æˆ‘ in font nullfont!
Missing character: There is no çš„ in font nullfont!
Missing character: There is no ä¸ª in font nullfont!
Missing character: There is no äºº in font nullfont!
Missing character: There is no å‘ in font nullfont!
Missing character: There is no å±• in font nullfont!
Missing character: There is no å’Œ in font nullfont!
Missing character: There is no å®š in font nullfont!
Missing character: There is no ä½ in font nullfont!
Missing character: There is no æ in font nullfont!
Missing character: There is no ä¾› in font nullfont!
Missing character: There is no äº† in font nullfont!
Missing character: There is no å¾ˆ in font nullfont!
Missing character: There is no å¤š in font nullfont!
Missing character: There is no å® in font nullfont!
Missing character: There is no è´µ in font nullfont!
Missing character: There is no æ„ in font nullfont!
Missing character: There is no è§ in font nullfont!
Missing character: There is no ï¼Œ in font nullfont!
Missing character: There is no ä¹Ÿ in font nullfont!
Missing character: There is no è·Ÿ in font nullfont!
Missing character: There is no å­™ in font nullfont!
Missing character: There is no è€ in font nullfont!
Missing character: There is no å¸ˆ in font nullfont!
Missing character: There is no å­¦ in font nullfont!
Missing character: There is no åˆ° in font nullfont!
Missing character: There is no äº† in font nullfont!
Missing character: There is no å¾ˆ in font nullfont!
Missing character: There is no å¤š in font nullfont!
Missing character: There is no åš in font nullfont!
Missing character: There is no äºº in font nullfont!
Missing character: There is no åš in font nullfont!
Missing character: There is no äº‹ in font nullfont!
Missing character: There is no çš„ in font nullfont!
Missing character: There is no é“ in font nullfont!
Missing character: There is no ç† in font nullfont!
Missing character: There is no ã€‚ in font nullfont!
Missing character: There is no å¸ˆ in font nullfont!
Missing character: There is no æ© in font nullfont!
Missing character: There is no éš¾ in font nullfont!
Missing character: There is no å¿˜ in font nullfont!
Missing character: There is no ï¼ in font nullfont!

Overfull \hbox (20.0pt too wide) in paragraph at lines 3--4
[] 
 []


! LaTeX Error: Missing \begin{document}.

See the LaTeX manual or LaTeX Companion for explanation.
Type  H <return>  for immediate help.
 ...                                              
                                                  
l.5 æ„Ÿ
       è°¢æ¨å£«å¼ºè€å¸ˆï¼Œé™¶å“è€å¸ˆå¯¹æˆ‘çš„å¸®åŠ©ä¸æŒ‡å¯¼ã€‚
You're in trouble here.  Try typing  <return>  to proceed.
If that doesn't work, type  X <return>  to quit.

Missing character: There is no æ„Ÿ in font nullfont!
Missing character: There is no è°¢ in font nullfont!
Missing character: There is no æ¨ in font nullfont!
Missing character: There is no å£« in font nullfont!
Missing character: There is no å¼º in font nullfont!
Missing character: There is no è€ in font nullfont!
Missing character: There is no å¸ˆ in font nullfont!
Missing character: There is no ï¼Œ in font nullfont!
Missing character: There is no é™¶ in font nullfont!
Missing character: There is no å“ in font nullfont!
Missing character: There is no è€ in font nullfont!
Missing character: There is no å¸ˆ in font nullfont!
Missing character: There is no å¯¹ in font nullfont!
Missing character: There is no æˆ‘ in font nullfont!
Missing character: There is no çš„ in font nullfont!
Missing character: There is no å¸® in font nullfont!
Missing character: There is no åŠ© in font nullfont!
Missing character: There is no ä¸ in font nullfont!
Missing character: There is no æŒ‡ in font nullfont!
Missing character: There is no å¯¼ in font nullfont!
Missing character: There is no ã€‚ in font nullfont!

Overfull \hbox (20.0pt too wide) in paragraph at lines 5--6
[] 
 []


! LaTeX Error: Missing \begin{document}.

See the LaTeX manual or LaTeX Companion for explanation.
Type  H <return>  for immediate help.
 ...                                              
                                                  
l.7 æ„Ÿ
       è°¢çˆ¶æ¯å’Œå®¶äººæ—¶æ—¶åˆ»åˆ»çš„å…³å¿ƒå’ŒæŒ‚å¿µï¼Œæ„¿èº«ä½“å¥åº·ï¼Œ...

You're in trouble here.  Try typing  <return>  to proceed.
If that doesn't work, type  X <return>  to quit.

Missing character: There is no æ„Ÿ in font nullfont!
Missing character: There is no è°¢ in font nullfont!
Missing character: There is no çˆ¶ in font nullfont!
Missing character: There is no æ¯ in font nullfont!
Missing character: There is no å’Œ in font nullfont!
Missing character: There is no å®¶ in font nullfont!
Missing character: There is no äºº in font nullfont!
Missing character: There is no æ—¶ in font nullfont!
Missing character: There is no æ—¶ in font nullfont!
Missing character: There is no åˆ» in font nullfont!
Missing character: There is no åˆ» in font nullfont!
Missing character: There is no çš„ in font nullfont!
Missing character: There is no å…³ in font nullfont!
Missing character: There is no å¿ƒ in font nullfont!
Missing character: There is no å’Œ in font nullfont!
Missing character: There is no æŒ‚ in font nullfont!
Missing character: There is no å¿µ in font nullfont!
Missing character: There is no ï¼Œ in font nullfont!
Missing character: There is no æ„¿ in font nullfont!
Missing character: There is no èº« in font nullfont!
Missing character: There is no ä½“ in font nullfont!
Missing character: There is no å¥ in font nullfont!
Missing character: There is no åº· in font nullfont!
Missing character: There is no ï¼Œ in font nullfont!
Missing character: There is no ä¸€ in font nullfont!
Missing character: There is no åˆ‡ in font nullfont!
Missing character: There is no å®‰ in font nullfont!
Missing character: There is no å¥½ in font nullfont!
Missing character: There is no ã€‚ in font nullfont!

Overfull \hbox (20.0pt too wide) in paragraph at lines 7--8
[] 
 []


! LaTeX Error: Missing \begin{document}.

See the LaTeX manual or LaTeX Companion for explanation.
Type  H <return>  for immediate help.
 ...                                              
                                                  
l.9 æ„Ÿ
       è°¢æ–½æ–‡é“­å¸ˆå…„åœ¨æŠ€æœ¯ä¸Šä¸åŒå…¶çƒ¦åœ°æŒ‡å¯¼ï¼Œæ„Ÿè°¢å¼ åº·å¸ˆ...

You're in trouble here.  Try typing  <return>  to proceed.
If that doesn't work, type  X <return>  to quit.

Missing character: There is no æ„Ÿ in font nullfont!
Missing character: There is no è°¢ in font nullfont!
Missing character: There is no æ–½ in font nullfont!
Missing character: There is no æ–‡ in font nullfont!
Missing character: There is no é“­ in font nullfont!
Missing character: There is no å¸ˆ in font nullfont!
Missing character: There is no å…„ in font nullfont!
Missing character: There is no åœ¨ in font nullfont!
Missing character: There is no æŠ€ in font nullfont!
Missing character: There is no æœ¯ in font nullfont!
Missing character: There is no ä¸Š in font nullfont!
Missing character: There is no ä¸ in font nullfont!
Missing character: There is no åŒ in font nullfont!
Missing character: There is no å…¶ in font nullfont!
Missing character: There is no çƒ¦ in font nullfont!
Missing character: There is no åœ° in font nullfont!
Missing character: There is no æŒ‡ in font nullfont!
Missing character: There is no å¯¼ in font nullfont!
Missing character: There is no ï¼Œ in font nullfont!
Missing character: There is no æ„Ÿ in font nullfont!
Missing character: There is no è°¢ in font nullfont!
Missing character: There is no å¼  in font nullfont!
Missing character: There is no åº· in font nullfont!
Missing character: There is no å¸ˆ in font nullfont!
Missing character: There is no å…„ in font nullfont!
Missing character: There is no ã€ in font nullfont!
Missing character: There is no å‘¨ in font nullfont!
Missing character: There is no è¶… in font nullfont!
Missing character: There is no å¸ˆ in font nullfont!
Missing character: There is no å…„ in font nullfont!
Missing character: There is no ã€ in font nullfont!
Missing character: There is no æ´ª in font nullfont!
Missing character: There is no ç‡• in font nullfont!
Missing character: There is no è¾‰ in font nullfont!
Missing character: There is no å¸ˆ in font nullfont!
Missing character: There is no å§ in font nullfont!
Missing character: There is no åœ¨ in font nullfont!
Missing character: There is no æˆ‘ in font nullfont!
Missing character: There is no æ±‚ in font nullfont!
Missing character: There is no èŒ in font nullfont!
Missing character: There is no æœŸ in font nullfont!
Missing character: There is no é—´ in font nullfont!
Missing character: There is no çš„ in font nullfont!
Missing character: There is no å„ in font nullfont!
Missing character: There is no ç§ in font nullfont!
Missing character: There is no å¸® in font nullfont!
Missing character: There is no åŠ© in font nullfont!
Missing character: There is no ï¼Œ in font nullfont!
Missing character: There is no æ„Ÿ in font nullfont!
Missing character: There is no è°¢ in font nullfont!
Missing character: There is no åº in font nullfont!
Missing character: There is no å³¥ in font nullfont!
Missing character: There is no å…ƒ in font nullfont!
Missing character: There is no å¸ˆ in font nullfont!
Missing character: There is no å…„ in font nullfont!
Missing character: There is no å¯¹ in font nullfont!
Missing character: There is no æˆ‘ in font nullfont!
Missing character: There is no å¾ˆ in font nullfont!
Missing character: There is no å¤š in font nullfont!
Missing character: There is no æ–¹ in font nullfont!
Missing character: There is no é¢ in font nullfont!
Missing character: There is no çš„ in font nullfont!
Missing character: There is no ç…§ in font nullfont!
Missing character: There is no é¡¾ in font nullfont!
Missing character: There is no ã€‚ in font nullfont!

Overfull \hbox (20.0pt too wide) in paragraph at lines 9--10
[] 
 []


! LaTeX Error: Missing \begin{document}.

See the LaTeX manual or LaTeX Companion for explanation.
Type  H <return>  for immediate help.
 ...                                              
                                                  
l.11 æ„Ÿ
        è°¢ç”·å‹ä¸æ—­çš„é™ªä¼´ä¸ç…§é¡¾ã€‚ç”Ÿæ´»ä¸­æ— å¾®ä¸è‡³ï¼Œå·¥ä½œä¸...

You're in trouble here.  Try typing  <return>  to proceed.
If that doesn't work, type  X <return>  to quit.

Missing character: There is no æ„Ÿ in font nullfont!
Missing character: There is no è°¢ in font nullfont!
Missing character: There is no ç”· in font nullfont!
Missing character: There is no å‹ in font nullfont!
Missing character: There is no ä¸ in font nullfont!
Missing character: There is no æ—­ in font nullfont!
Missing character: There is no çš„ in font nullfont!
Missing character: There is no é™ª in font nullfont!
Missing character: There is no ä¼´ in font nullfont!
Missing character: There is no ä¸ in font nullfont!
Missing character: There is no ç…§ in font nullfont!
Missing character: There is no é¡¾ in font nullfont!
Missing character: There is no ã€‚ in font nullfont!
Missing character: There is no ç”Ÿ in font nullfont!
Missing character: There is no æ´» in font nullfont!
Missing character: There is no ä¸­ in font nullfont!
Missing character: There is no æ—  in font nullfont!
Missing character: There is no å¾® in font nullfont!
Missing character: There is no ä¸ in font nullfont!
Missing character: There is no è‡³ in font nullfont!
Missing character: There is no ï¼Œ in font nullfont!
Missing character: There is no å·¥ in font nullfont!
Missing character: There is no ä½œ in font nullfont!
Missing character: There is no ä¸Š in font nullfont!
Missing character: There is no æŒ‡ in font nullfont!
Missing character: There is no å¯¼ in font nullfont!
Missing character: There is no æ•¦ in font nullfont!
Missing character: There is no ä¿ƒ in font nullfont!
Missing character: There is no ã€‚ in font nullfont!
Missing character: There is no æ„¿ in font nullfont!
Missing character: There is no é•¿ in font nullfont!
Missing character: There is no ä¹… in font nullfont!
Missing character: There is no ã€‚ in font nullfont!

Overfull \hbox (20.0pt too wide) in paragraph at lines 11--12
[] 
 []


! LaTeX Error: Missing \begin{document}.

See the LaTeX manual or LaTeX Companion for explanation.
Type  H <return>  for immediate help.
 ...                                              
                                                  
l.13 æ„Ÿ
        è°¢æ¯ä¸€ä½å¸®åŠ©ã€é™ªä¼´ã€å…³å¿ƒæˆ‘çš„æœ‹å‹ã€‚
You're in trouble here.  Try typing  <return>  to proceed.
If that doesn't work, type  X <return>  to quit.

Missing character: There is no æ„Ÿ in font nullfont!
Missing character: There is no è°¢ in font nullfont!
Missing character: There is no æ¯ in font nullfont!
Missing character: There is no ä¸€ in font nullfont!
Missing character: There is no ä½ in font nullfont!
Missing character: There is no å¸® in font nullfont!
Missing character: There is no åŠ© in font nullfont!
Missing character: There is no ã€ in font nullfont!
Missing character: There is no é™ª in font nullfont!
Missing character: There is no ä¼´ in font nullfont!
Missing character: There is no ã€ in font nullfont!
Missing character: There is no å…³ in font nullfont!
Missing character: There is no å¿ƒ in font nullfont!
Missing character: There is no æˆ‘ in font nullfont!
Missing character: There is no çš„ in font nullfont!
Missing character: There is no æœ‹ in font nullfont!
Missing character: There is no å‹ in font nullfont!
Missing character: There is no ã€‚ in font nullfont!

Overfull \hbox (20.0pt too wide) in paragraph at lines 13--14
[] 
 []


! LaTeX Error: \begin{document} ended by \end{ack}.

See the LaTeX manual or LaTeX Companion for explanation.
Type  H <return>  for immediate help.
 ...                                              
                                                  
l.15 \end{ack}
              
Your command was ignored.
Type  I <command> <return>  to replace it with another command,
or  <return>  to continue without it.

)
! Emergency stop.
<*> ./ack.tex
             
*** (job aborted, no legal \end found)

 
Here is how much of TeX's memory you used:
 7 strings out of 428408
 38 string characters out of 3160622
 53104 words of memory out of 3000000
 3504 multiletter control sequences out of 15000+200000
 3640 words of font info for 14 fonts, out of 3000000 for 9000
 1328 hyphenation exceptions out of 8191
 6i,0n,6p,155b,19s stack positions out of 5000i,500n,10000p,200000b,50000s
No pages of output.
