This is XeTeX, Version 3.14159265-2.6-0.99996 (MiKTeX 2.9.6100 64-bit) (preloaded format=xelatex 2017.1.3)  17 APR 2017 15:02
entering extended mode
**./chap01.tex
(chap01.tex
LaTeX2e <2016/03/31> patch level 3
Babel <3.9r> and hyphenation patterns for 75 language(s) loaded.
! Undefined control sequence.
l.1 \chapter
            {å¼•è¨€}
The control sequence at the end of the top line
of your error message was never \def'ed. If you have
misspelled it (e.g., `\hobx'), type `I' and the correct
spelling (e.g., `I\hbox'). Otherwise just continue,
and I'll forget about whatever was undefined.


! LaTeX Error: Missing \begin{document}.

See the LaTeX manual or LaTeX Companion for explanation.
Type  H <return>  for immediate help.
 ...                                              
                                                  
l.1 \chapter{å¼•
                è¨€}
You're in trouble here.  Try typing  <return>  to proceed.
If that doesn't work, type  X <return>  to quit.

Missing character: There is no å¼• in font nullfont!
Missing character: There is no è¨€ in font nullfont!

Overfull \hbox (20.0pt too wide) in paragraph at lines 1--2
[] 
 []

! Undefined control sequence.
l.4 \section
            {ç ”ç©¶èƒŒæ™¯}
The control sequence at the end of the top line
of your error message was never \def'ed. If you have
misspelled it (e.g., `\hobx'), type `I' and the correct
spelling (e.g., `I\hbox'). Otherwise just continue,
and I'll forget about whatever was undefined.


! LaTeX Error: Missing \begin{document}.

See the LaTeX manual or LaTeX Companion for explanation.
Type  H <return>  for immediate help.
 ...                                              
                                                  
l.4 \section{ç ”
                ç©¶èƒŒæ™¯}
You're in trouble here.  Try typing  <return>  to proceed.
If that doesn't work, type  X <return>  to quit.

Missing character: There is no ç ” in font nullfont!
Missing character: There is no ç©¶ in font nullfont!
Missing character: There is no èƒŒ in font nullfont!
Missing character: There is no æ™¯ in font nullfont!

Overfull \hbox (20.0pt too wide) in paragraph at lines 4--5
[] 
 []


! LaTeX Error: Missing \begin{document}.

See the LaTeX manual or LaTeX Companion for explanation.
Type  H <return>  for immediate help.
 ...                                              
                                                  
l.6 éš
       ç€äº’è”ç½‘æŠ€æœ¯çš„ä¸æ–­å‘å±•ï¼Œç¤¾äº¤ç½‘ç»œå·²ç»æˆä¸ºäººä»¬æ—¥...

You're in trouble here.  Try typing  <return>  to proceed.
If that doesn't work, type  X <return>  to quit.

Missing character: There is no éš in font nullfont!
Missing character: There is no ç€ in font nullfont!
Missing character: There is no äº’ in font nullfont!
Missing character: There is no è” in font nullfont!
Missing character: There is no ç½‘ in font nullfont!
Missing character: There is no æŠ€ in font nullfont!
Missing character: There is no æœ¯ in font nullfont!
Missing character: There is no çš„ in font nullfont!
Missing character: There is no ä¸ in font nullfont!
Missing character: There is no æ–­ in font nullfont!
Missing character: There is no å‘ in font nullfont!
Missing character: There is no å±• in font nullfont!
Missing character: There is no ï¼Œ in font nullfont!
Missing character: There is no ç¤¾ in font nullfont!
Missing character: There is no äº¤ in font nullfont!
Missing character: There is no ç½‘ in font nullfont!
Missing character: There is no ç»œ in font nullfont!
Missing character: There is no å·² in font nullfont!
Missing character: There is no ç» in font nullfont!
Missing character: There is no æˆ in font nullfont!
Missing character: There is no ä¸º in font nullfont!
Missing character: There is no äºº in font nullfont!
Missing character: There is no ä»¬ in font nullfont!
Missing character: There is no æ—¥ in font nullfont!
Missing character: There is no å¸¸ in font nullfont!
Missing character: There is no ç”Ÿ in font nullfont!
Missing character: There is no æ´» in font nullfont!
Missing character: There is no ä¸­ in font nullfont!
Missing character: There is no ä¸ in font nullfont!
Missing character: There is no å¯ in font nullfont!
Missing character: There is no æˆ– in font nullfont!
Missing character: There is no ç¼º in font nullfont!
Missing character: There is no çš„ in font nullfont!
Missing character: There is no ä¸€ in font nullfont!
Missing character: There is no éƒ¨ in font nullfont!
Missing character: There is no åˆ† in font nullfont!
Missing character: There is no ï¼Œ in font nullfont!
Missing character: There is no äºº in font nullfont!
Missing character: There is no ä»¬ in font nullfont!
Missing character: There is no å¯ in font nullfont!
Missing character: There is no ä»¥ in font nullfont!
Missing character: There is no é€š in font nullfont!
Missing character: There is no è¿‡ in font nullfont!
Missing character: There is no ç¤¾ in font nullfont!
Missing character: There is no äº¤ in font nullfont!
Missing character: There is no ç½‘ in font nullfont!
Missing character: There is no ç»œ in font nullfont!
Missing character: There is no è· in font nullfont!
Missing character: There is no å– in font nullfont!
Missing character: There is no æ–° in font nullfont!
Missing character: There is no é—» in font nullfont!
Missing character: There is no ï¼Œ in font nullfont!
Missing character: There is no ä¸ in font nullfont!
Missing character: There is no ä»– in font nullfont!
Missing character: There is no äºº in font nullfont!
Missing character: There is no è¿› in font nullfont!
Missing character: There is no è¡Œ in font nullfont!
Missing character: There is no äº¤ in font nullfont!
Missing character: There is no æµ in font nullfont!
Missing character: There is no äº’ in font nullfont!
Missing character: There is no åŠ¨ in font nullfont!
Missing character: There is no ï¼Œ in font nullfont!
Missing character: There is no å‘ in font nullfont!
Missing character: There is no å¸ƒ in font nullfont!
Missing character: There is no ä¸ª in font nullfont!
Missing character: There is no äºº in font nullfont!
Missing character: There is no ä¿¡ in font nullfont!
Missing character: There is no æ¯ in font nullfont!
Missing character: There is no ç­‰ in font nullfont!
Missing character: There is no ç­‰ in font nullfont!
Missing character: There is no ã€‚ in font nullfont!
Missing character: There is no å¯¹ in font nullfont!
Missing character: There is no äº in font nullfont!
Missing character: There is no å¤§ in font nullfont!
Missing character: There is no å¤š in font nullfont!
Missing character: There is no æ•° in font nullfont!
Missing character: There is no ä¸­ in font nullfont!
Missing character: There is no å›½ in font nullfont!
Missing character: There is no äº’ in font nullfont!
Missing character: There is no è” in font nullfont!
Missing character: There is no ç½‘ in font nullfont!
Missing character: There is no ç”¨ in font nullfont!
Missing character: There is no æˆ· in font nullfont!
Missing character: There is no æ¥ in font nullfont!
Missing character: There is no è¯´ in font nullfont!
Missing character: There is no ï¼Œ in font nullfont!
Missing character: There is no Q in font nullfont!
Missing character: There is no Q in font nullfont!
Missing character: There is no ã€ in font nullfont!
Missing character: There is no å¾® in font nullfont!
Missing character: There is no åš in font nullfont!
Missing character: There is no ã€ in font nullfont!
Missing character: There is no å¾® in font nullfont!
Missing character: There is no ä¿¡ in font nullfont!
Missing character: There is no ã€ in font nullfont!
Missing character: There is no é™Œ in font nullfont!
Missing character: There is no é™Œ in font nullfont!
Missing character: There is no ç­‰ in font nullfont!
Missing character: There is no ç¤¾ in font nullfont!
Missing character: There is no äº¤ in font nullfont!
Missing character: There is no åº” in font nullfont!
Missing character: There is no ç”¨ in font nullfont!
Missing character: There is no æ˜¯ in font nullfont!
Missing character: There is no å…¶ in font nullfont!
Missing character: There is no æ—¥ in font nullfont!
Missing character: There is no å¸¸ in font nullfont!
Missing character: There is no ä¸Š in font nullfont!
Missing character: There is no ç½‘ in font nullfont!
Missing character: There is no çš„ in font nullfont!
Missing character: There is no ä¸» in font nullfont!
Missing character: There is no è¦ in font nullfont!
Missing character: There is no ä½¿ in font nullfont!
Missing character: There is no ç”¨ in font nullfont!
Missing character: There is no åº” in font nullfont!
Missing character: There is no ç”¨ in font nullfont!
Missing character: There is no ã€‚ in font nullfont!
Missing character: There is no æ ¹ in font nullfont!
Missing character: There is no æ® in font nullfont!
Missing character: There is no ä¸­ in font nullfont!
Missing character: There is no å›½ in font nullfont!
Missing character: There is no äº’ in font nullfont!
Missing character: There is no è” in font nullfont!
Missing character: There is no ç½‘ in font nullfont!
Missing character: There is no ç»œ in font nullfont!
Missing character: There is no ä¿¡ in font nullfont!
Missing character: There is no æ¯ in font nullfont!
Missing character: There is no ä¸­ in font nullfont!
Missing character: There is no å¿ƒ in font nullfont!
Missing character: There is no ï¼ˆ in font nullfont!
Missing character: There is no C in font nullfont!
Missing character: There is no N in font nullfont!
Missing character: There is no N in font nullfont!
Missing character: There is no I in font nullfont!
Missing character: There is no C in font nullfont!
Missing character: There is no ï¼‰ in font nullfont!
Missing character: There is no çš„ in font nullfont!
Missing character: There is no è°ƒ in font nullfont!
Missing character: There is no æŸ¥ in font nullfont!
Missing character: There is no ç»“ in font nullfont!
Missing character: There is no æœ in font nullfont!
Missing character: There is no æ˜¾ in font nullfont!
Missing character: There is no ç¤º in font nullfont!
Missing character: There is no [ in font nullfont!
\citation{internetSurvey}
! Undefined control sequence.
<write> ...: Citation `\@citeb ' on page \thepage 
                                                  \space undefined\on@line .^^J
l.6 ...‰çš„è°ƒæŸ¥ç»“æœæ˜¾ç¤º\cite{internetSurvey}
                                                  ï¼Œæ¯æ—¥çš„ä¸Šç½‘æ—¶é•¿åœ...
The control sequence at the end of the top line
of your error message was never \def'ed. If you have
misspelled it (e.g., `\hobx'), type `I' and the correct
spelling (e.g., `I\hbox'). Otherwise just continue,
and I'll forget about whatever was undefined.


LaTeX Warning: Citation `internetSurvey' on page  undefined on input line 6.

Missing character: There is no ] in font nullfont!
Missing character: There is no ï¼Œ in font nullfont!
Missing character: There is no æ¯ in font nullfont!
Missing character: There is no æ—¥ in font nullfont!
Missing character: There is no çš„ in font nullfont!
Missing character: There is no ä¸Š in font nullfont!
Missing character: There is no ç½‘ in font nullfont!
Missing character: There is no æ—¶ in font nullfont!
Missing character: There is no é•¿ in font nullfont!
Missing character: There is no åœ¨ in font nullfont!
Missing character: There is no ä¸¤ in font nullfont!
Missing character: There is no ä¸ª in font nullfont!
Missing character: There is no å° in font nullfont!
Missing character: There is no æ—¶ in font nullfont!
Missing character: There is no ä»¥ in font nullfont!
Missing character: There is no ä¸Š in font nullfont!
Missing character: There is no çš„ in font nullfont!
Missing character: There is no ç”¨ in font nullfont!
Missing character: There is no æˆ· in font nullfont!
Missing character: There is no è¾¾ in font nullfont!
Missing character: There is no åˆ° in font nullfont!
Missing character: There is no 7 in font nullfont!
Missing character: There is no 9 in font nullfont!
Missing character: There is no . in font nullfont!
Missing character: There is no 5 in font nullfont!
Missing character: There is no % in font nullfont!
Missing character: There is no ï¼Œ in font nullfont!
Missing character: There is no è€Œ in font nullfont!
Missing character: There is no å…¶ in font nullfont!
Missing character: There is no ä¸­ in font nullfont!
Missing character: There is no 7 in font nullfont!
Missing character: There is no 7 in font nullfont!
Missing character: There is no . in font nullfont!
Missing character: There is no 0 in font nullfont!
Missing character: There is no % in font nullfont!
Missing character: There is no çš„ in font nullfont!
Missing character: There is no æ—¶ in font nullfont!
Missing character: There is no é—´ in font nullfont!
Missing character: There is no æ˜¯ in font nullfont!
Missing character: There is no ç”¨ in font nullfont!
Missing character: There is no åœ¨ in font nullfont!
Missing character: There is no ç¤¾ in font nullfont!
Missing character: There is no äº¤ in font nullfont!
Missing character: There is no åº” in font nullfont!
Missing character: There is no ç”¨ in font nullfont!
Missing character: There is no ä¸Š in font nullfont!
Missing character: There is no ã€‚ in font nullfont!
Missing character: There is no ç¤¾ in font nullfont!
Missing character: There is no äº¤ in font nullfont!
Missing character: There is no ç½‘ in font nullfont!
Missing character: There is no ç»œ in font nullfont!
Missing character: There is no ä½¿ in font nullfont!
Missing character: There is no å¾— in font nullfont!
Missing character: There is no äºº in font nullfont!
Missing character: There is no ä»¬ in font nullfont!
Missing character: There is no ä¸ in font nullfont!
Missing character: There is no å† in font nullfont!
Missing character: There is no å— in font nullfont!
Missing character: There is no æŠ¥ in font nullfont!
Missing character: There is no åˆŠ in font nullfont!
Missing character: There is no ã€ in font nullfont!
Missing character: There is no ç”µ in font nullfont!
Missing character: There is no è§† in font nullfont!
Missing character: There is no ç­‰ in font nullfont!
Missing character: There is no ä¿¡ in font nullfont!
Missing character: There is no æ¯ in font nullfont!
Missing character: There is no æ¥ in font nullfont!
Missing character: There is no æº in font nullfont!
Missing character: There is no çš„ in font nullfont!
Missing character: There is no é™ in font nullfont!
Missing character: There is no åˆ¶ in font nullfont!
Missing character: There is no ï¼Œ in font nullfont!
Missing character: There is no æ‹¥ in font nullfont!
Missing character: There is no æœ‰ in font nullfont!
Missing character: There is no äº† in font nullfont!
Missing character: There is no æ›´ in font nullfont!
Missing character: There is no å¤š in font nullfont!
Missing character: There is no è· in font nullfont!
Missing character: There is no å– in font nullfont!
Missing character: There is no ä¿¡ in font nullfont!
Missing character: There is no æ¯ in font nullfont!
Missing character: There is no çš„ in font nullfont!
Missing character: There is no æ¸  in font nullfont!
Missing character: There is no é“ in font nullfont!
Missing character: There is no ã€‚ in font nullfont!

Overfull \hbox (25.43053pt too wide) in paragraph at lines 6--7
[][] 
 []


! LaTeX Error: Environment figure undefined.

See the LaTeX manual or LaTeX Companion for explanation.
Type  H <return>  for immediate help.
 ...                                              
                                                  
l.8 \begin{figure}
                  [h]
Your command was ignored.
Type  I <command> <return>  to replace it with another command,
or  <return>  to continue without it.


! LaTeX Error: Missing \begin{document}.

See the LaTeX manual or LaTeX Companion for explanation.
Type  H <return>  for immediate help.
 ...                                              
                                                  
l.8 \begin{figure}[
                   h]
You're in trouble here.  Try typing  <return>  to proceed.
If that doesn't work, type  X <return>  to quit.

Missing character: There is no [ in font nullfont!
Missing character: There is no h in font nullfont!
Missing character: There is no ] in font nullfont!
! Undefined control sequence.
l.10   \includegraphics
                       [height=6cm]{InternetUsingTime}
The control sequence at the end of the top line
of your error message was never \def'ed. If you have
misspelled it (e.g., `\hobx'), type `I' and the correct
spelling (e.g., `I\hbox'). Otherwise just continue,
and I'll forget about whatever was undefined.

Missing character: There is no [ in font nullfont!
Missing character: There is no h in font nullfont!
Missing character: There is no e in font nullfont!
Missing character: There is no i in font nullfont!
Missing character: There is no g in font nullfont!
Missing character: There is no h in font nullfont!
Missing character: There is no t in font nullfont!
Missing character: There is no = in font nullfont!
Missing character: There is no 6 in font nullfont!
Missing character: There is no c in font nullfont!
Missing character: There is no m in font nullfont!
Missing character: There is no ] in font nullfont!
Missing character: There is no I in font nullfont!
Missing character: There is no n in font nullfont!
Missing character: There is no t in font nullfont!
Missing character: There is no e in font nullfont!
Missing character: There is no r in font nullfont!
Missing character: There is no n in font nullfont!
Missing character: There is no e in font nullfont!
Missing character: There is no t in font nullfont!
Missing character: There is no U in font nullfont!
Missing character: There is no s in font nullfont!
Missing character: There is no i in font nullfont!
Missing character: There is no n in font nullfont!
Missing character: There is no g in font nullfont!
Missing character: There is no T in font nullfont!
Missing character: There is no i in font nullfont!
Missing character: There is no m in font nullfont!
Missing character: There is no e in font nullfont!

! LaTeX Error: \caption outside float.

See the LaTeX manual or LaTeX Companion for explanation.
Type  H <return>  for immediate help.
 ...                                              
                                                  
l.11   \caption
               {Stanfordå¤§å­¦å¤šæ‘„åƒå¤´é˜µåˆ—}
You're in trouble here.  Try typing  <return>  to proceed.
If that doesn't work, type  X <return>  to quit.

Missing character: There is no S in font nullfont!
Missing character: There is no t in font nullfont!
Missing character: There is no a in font nullfont!
Missing character: There is no n in font nullfont!
Missing character: There is no f in font nullfont!
Missing character: There is no o in font nullfont!
Missing character: There is no r in font nullfont!
Missing character: There is no d in font nullfont!
Missing character: There is no å¤§ in font nullfont!
Missing character: There is no å­¦ in font nullfont!
Missing character: There is no å¤š in font nullfont!
Missing character: There is no æ‘„ in font nullfont!
Missing character: There is no åƒ in font nullfont!
Missing character: There is no å¤´ in font nullfont!
Missing character: There is no é˜µ in font nullfont!
Missing character: There is no åˆ— in font nullfont!

! LaTeX Error: \begin{document} ended by \end{figure}.

See the LaTeX manual or LaTeX Companion for explanation.
Type  H <return>  for immediate help.
 ...                                              
                                                  
l.13 \end{figure}
                 
Your command was ignored.
Type  I <command> <return>  to replace it with another command,
or  <return>  to continue without it.

Missing character: There is no s in font nullfont!
Missing character: There is no d in font nullfont!
Missing character: There is no s in font nullfont!
Missing character: There is no f in font nullfont!
Missing character: There is no d in font nullfont!
Missing character: There is no f in font nullfont!
Missing character: There is no s in font nullfont!
Missing character: There is no d in font nullfont!

Overfull \hbox (20.0pt too wide) in paragraph at lines 8--15
[]
 []

! Undefined control sequence.
l.18 \section
             {ä¸»è¦ç ”ç©¶å†…å®¹å’ŒæŒ‘æˆ˜}
The control sequence at the end of the top line
of your error message was never \def'ed. If you have
misspelled it (e.g., `\hobx'), type `I' and the correct
spelling (e.g., `I\hbox'). Otherwise just continue,
and I'll forget about whatever was undefined.


! LaTeX Error: Missing \begin{document}.

See the LaTeX manual or LaTeX Companion for explanation.
Type  H <return>  for immediate help.
 ...                                              
                                                  
l.18 \section{ä¸»
                 è¦ç ”ç©¶å†…å®¹å’ŒæŒ‘æˆ˜}
You're in trouble here.  Try typing  <return>  to proceed.
If that doesn't work, type  X <return>  to quit.

Missing character: There is no ä¸» in font nullfont!
Missing character: There is no è¦ in font nullfont!
Missing character: There is no ç ” in font nullfont!
Missing character: There is no ç©¶ in font nullfont!
Missing character: There is no å†… in font nullfont!
Missing character: There is no å®¹ in font nullfont!
Missing character: There is no å’Œ in font nullfont!
Missing character: There is no æŒ‘ in font nullfont!
Missing character: There is no æˆ˜ in font nullfont!

Overfull \hbox (20.0pt too wide) in paragraph at lines 18--19
[] 
 []


! LaTeX Error: Missing \begin{document}.

See the LaTeX manual or LaTeX Companion for explanation.
Type  H <return>  for immediate help.
 ...                                              
                                                  
l.21 æœ¬
        æ–‡æ‰€è¿°ç ”ç©¶ä¸»è¦å­˜åœ¨å¦‚ä¸‹å‡ æ–¹é¢æŒ‘æˆ˜ï¼š
You're in trouble here.  Try typing  <return>  to proceed.
If that doesn't work, type  X <return>  to quit.

Missing character: There is no æœ¬ in font nullfont!
Missing character: There is no æ–‡ in font nullfont!
Missing character: There is no æ‰€ in font nullfont!
Missing character: There is no è¿° in font nullfont!
Missing character: There is no ç ” in font nullfont!
Missing character: There is no ç©¶ in font nullfont!
Missing character: There is no ä¸» in font nullfont!
Missing character: There is no è¦ in font nullfont!
Missing character: There is no å­˜ in font nullfont!
Missing character: There is no åœ¨ in font nullfont!
Missing character: There is no å¦‚ in font nullfont!
Missing character: There is no ä¸‹ in font nullfont!
Missing character: There is no å‡  in font nullfont!
Missing character: There is no æ–¹ in font nullfont!
Missing character: There is no é¢ in font nullfont!
Missing character: There is no æŒ‘ in font nullfont!
Missing character: There is no æˆ˜ in font nullfont!
Missing character: There is no ï¼š in font nullfont!

Overfull \hbox (20.0pt too wide) in paragraph at lines 21--22
[] 
 []


! LaTeX Error: Missing \begin{document}.

See the LaTeX manual or LaTeX Companion for explanation.
Type  H <return>  for immediate help.
 ...                                              
                                                  
l.23 \begin{itemize}
                    
You're in trouble here.  Try typing  <return>  to proceed.
If that doesn't work, type  X <return>  to quit.


Overfull \hbox (20.0pt too wide) in paragraph at lines 23--23
[] 
 []

Missing character: There is no a in font nullfont!
Missing character: There is no ) in font nullfont!
! Undefined control sequence.
l.29 \section
             {ä¸»è¦è´¡çŒ®å’Œç»„ç»‡ç»“æ„}
The control sequence at the end of the top line
of your error message was never \def'ed. If you have
misspelled it (e.g., `\hobx'), type `I' and the correct
spelling (e.g., `I\hbox'). Otherwise just continue,
and I'll forget about whatever was undefined.

Missing character: There is no ä¸» in font nullfont!
Missing character: There is no è¦ in font nullfont!
Missing character: There is no è´¡ in font nullfont!
Missing character: There is no çŒ® in font nullfont!
Missing character: There is no å’Œ in font nullfont!
Missing character: There is no ç»„ in font nullfont!
Missing character: There is no ç»‡ in font nullfont!
Missing character: There is no ç»“ in font nullfont!
Missing character: There is no æ„ in font nullfont!

Overfull \hbox (20.0pt too wide) in paragraph at lines 29--30
[] 
 []

Missing character: There is no é’ˆ in font nullfont!
Missing character: There is no å¯¹ in font nullfont!
Missing character: There is no ä»¥ in font nullfont!
Missing character: There is no ä¸Š in font nullfont!
Missing character: There is no æ in font nullfont!
Missing character: There is no å‡º in font nullfont!
Missing character: There is no çš„ in font nullfont!
Missing character: There is no é—® in font nullfont!
Missing character: There is no é¢˜ in font nullfont!
Missing character: There is no ä¸ in font nullfont!
Missing character: There is no æŒ‘ in font nullfont!
Missing character: There is no æˆ˜ in font nullfont!
Missing character: There is no ï¼Œ in font nullfont!
Missing character: There is no æœ¬ in font nullfont!
Missing character: There is no æ–‡ in font nullfont!
Missing character: There is no è®¾ in font nullfont!
Missing character: There is no è®¡ in font nullfont!
Missing character: There is no äº† in font nullfont!
Missing character: There is no ä¸€ in font nullfont!
Missing character: There is no ç§ in font nullfont!
Missing character: There is no æ‘„ in font nullfont!
Missing character: There is no åƒ in font nullfont!
Missing character: There is no å¤´ in font nullfont!
Missing character: There is no æ‹ in font nullfont!
Missing character: There is no æ‘„ in font nullfont!
Missing character: There is no æ—¶ in font nullfont!
Missing character: There is no é—´ in font nullfont!
Missing character: There is no çš„ in font nullfont!
Missing character: There is no æ£€ in font nullfont!
Missing character: There is no æµ‹ in font nullfont!
Missing character: There is no æ–¹ in font nullfont!
Missing character: There is no æ³• in font nullfont!
Missing character: There is no å’Œ in font nullfont!
Missing character: There is no å¯¹ in font nullfont!
Missing character: There is no å¤š in font nullfont!
Missing character: There is no æ‘„ in font nullfont!
Missing character: There is no åƒ in font nullfont!
Missing character: There is no å¤´ in font nullfont!
Missing character: There is no ç³» in font nullfont!
Missing character: There is no ç»Ÿ in font nullfont!
Missing character: There is no çš„ in font nullfont!
Missing character: There is no åŒ in font nullfont!
Missing character: There is no æ­¥ in font nullfont!
Missing character: There is no æ–¹ in font nullfont!
Missing character: There is no æ³• in font nullfont!
Missing character: There is no ï¼Œ in font nullfont!
Missing character: There is no æœ¬ in font nullfont!
Missing character: There is no æ–‡ in font nullfont!
Missing character: There is no çš„ in font nullfont!
Missing character: There is no ä¸» in font nullfont!
Missing character: There is no è¦ in font nullfont!
Missing character: There is no è´¡ in font nullfont!
Missing character: There is no çŒ® in font nullfont!
Missing character: There is no å¦‚ in font nullfont!
Missing character: There is no ä¸‹ in font nullfont!
Missing character: There is no ï¼š in font nullfont!

Overfull \hbox (20.0pt too wide) in paragraph at lines 31--32
[] 
 []


Overfull \hbox (20.0pt too wide) in paragraph at lines 33--33
[] 
 []

Missing character: There is no a in font nullfont!
Missing character: There is no ) in font nullfont!
Missing character: There is no æœ¬ in font nullfont!
Missing character: There is no æ–‡ in font nullfont!
Missing character: There is no çš„ in font nullfont!
Missing character: There is no ç»„ in font nullfont!
Missing character: There is no ç»‡ in font nullfont!
Missing character: There is no ç»“ in font nullfont!
Missing character: There is no æ„ in font nullfont!
Missing character: There is no å¦‚ in font nullfont!
Missing character: There is no ä¸‹ in font nullfont!
Missing character: There is no ï¼š in font nullfont!

Overfull \hbox (20.0pt too wide) in paragraph at lines 39--40
[] 
 []

Missing character: There is no ç¬¬ in font nullfont!
Missing character: There is no äºŒ in font nullfont!
Missing character: There is no ç«  in font nullfont!
Missing character: There is no ä¸» in font nullfont!
Missing character: There is no è¦ in font nullfont!
Missing character: There is no ä»‹ in font nullfont!
Missing character: There is no ç» in font nullfont!

Overfull \hbox (20.0pt too wide) in paragraph at lines 41--42
[] 
 []

Missing character: There is no ç¬¬ in font nullfont!
Missing character: There is no å…­ in font nullfont!
Missing character: There is no ç«  in font nullfont!
Missing character: There is no æ˜¯ in font nullfont!
Missing character: There is no å¯¹ in font nullfont!
Missing character: There is no å…¨ in font nullfont!
Missing character: There is no æ–‡ in font nullfont!
Missing character: There is no çš„ in font nullfont!
Missing character: There is no æ€» in font nullfont!
Missing character: There is no ç»“ in font nullfont!
Missing character: There is no ï¼Œ in font nullfont!
Missing character: There is no ä»¥ in font nullfont!
Missing character: There is no åŠ in font nullfont!
Missing character: There is no å¯¹ in font nullfont!
Missing character: There is no ä¸‹ in font nullfont!
Missing character: There is no ä¸€ in font nullfont!
Missing character: There is no æ­¥ in font nullfont!
Missing character: There is no å·¥ in font nullfont!
Missing character: There is no ä½œ in font nullfont!
Missing character: There is no çš„ in font nullfont!
Missing character: There is no å±• in font nullfont!
Missing character: There is no æœ› in font nullfont!
Missing character: There is no ã€‚ in font nullfont!

Overfull \hbox (20.0pt too wide) in paragraph at lines 43--44
[] 
 []

)
! Emergency stop.
<*> ./chap01.tex
                
*** (job aborted, no legal \end found)

 
Here is how much of TeX's memory you used:
 13 strings out of 428408
 116 string characters out of 3160622
 54104 words of memory out of 3000000
 3509 multiletter control sequences out of 15000+200000
 3948 words of font info for 15 fonts, out of 3000000 for 9000
 1328 hyphenation exceptions out of 8191
 20i,2n,26p,281b,93s stack positions out of 5000i,500n,10000p,200000b,50000s
No pages of output.
