\BOOKMARK [-1][]{ctitle.-1}{\376\377\131\032\144\104\120\317\131\064\174\373\176\337}{}% 1
\BOOKMARK [0][]{thuchapter.1.0}{\376\377\144\130\000\040\211\201}{ctitle.-1}% 2
\BOOKMARK [0][]{thuchapter.2.0}{\376\377\000A\000b\000s\000t\000r\000a\000c\000t}{ctitle.-1}% 3
\BOOKMARK [0][]{thuchapter.3.0}{\376\377\166\356\000\040\137\125}{ctitle.-1}% 4
\BOOKMARK [0][]{thuchapter.4.0}{\376\377\116\073\211\201\173\046\123\367\133\371\161\147\210\150}{ctitle.-1}% 5
\BOOKMARK [0][]{chapter.1}{\376\377\173\054\0001\172\340\000\040\137\025\212\000}{ctitle.-1}% 6
\BOOKMARK [1][-]{section.1.1}{\376\377\0001\000.\0001\000\040\170\024\172\166\200\314\146\157}{chapter.1}% 7
\BOOKMARK [1][-]{section.1.2}{\376\377\0001\000.\0002\000\040\116\073\211\201\170\024\172\166\121\205\133\271\124\214\143\021\142\030}{chapter.1}% 8
\BOOKMARK [1][-]{section.1.3}{\376\377\0001\000.\0003\000\040\147\054\145\207\166\204\116\073\211\201\215\041\163\056}{chapter.1}% 9
\BOOKMARK [0][]{chapter.2}{\376\377\173\054\0002\172\340\000\040\170\024\172\166\163\260\162\266\124\214\166\370\121\163\135\345\117\134}{ctitle.-1}% 10
\BOOKMARK [1][-]{section.2.1}{\376\377\0002\000.\0001\000\040\147\054\172\340\137\025\212\000}{chapter.2}% 11
\BOOKMARK [1][-]{section.2.2}{\376\377\0002\000.\0002\000\040\131\032\144\104\120\317\131\064\174\373\176\337}{chapter.2}% 12
\BOOKMARK [1][-]{section.2.3}{\376\377\0002\000.\0003\000\040\131\032\144\104\120\317\131\064\174\373\176\337\166\204\124\014\153\145\143\247\122\066}{chapter.2}% 13
\BOOKMARK [2][-]{subsection.2.3.1}{\376\377\0002\000.\0003\000.\0001\000\040\170\154\116\366\124\014\153\145}{section.2.3}% 14
\BOOKMARK [2][-]{subsection.2.3.2}{\376\377\0002\000.\0003\000.\0002\000\040\217\157\116\366\124\014\153\145}{section.2.3}% 15
\BOOKMARK [1][-]{section.2.4}{\376\377\0002\000.\0004\000\040\144\104\120\317\131\064\142\315\144\104\145\366\225\364\150\300\155\113}{chapter.2}% 16
\BOOKMARK [1][-]{section.2.5}{\376\377\0002\000.\0005\000\040\147\054\172\340\134\017\176\323}{chapter.2}% 17
\BOOKMARK [0][]{chapter.3}{\376\377\173\054\0003\172\340\000\040\131\032\144\104\120\317\131\064\174\373\176\337\166\204\142\315\144\104\145\366\225\364\150\300\155\113}{ctitle.-1}% 18
\BOOKMARK [1][-]{section.3.1}{\376\377\0003\000.\0001\000\040\147\054\172\340\137\025\212\000}{chapter.3}% 19
\BOOKMARK [1][-]{section.3.2}{\376\377\0003\000.\0002\000\040\142\315\144\104\145\366\225\364\150\300\155\113\145\271\154\325}{chapter.3}% 20
\BOOKMARK [1][-]{section.3.3}{\376\377\0003\000.\0003\000\040\000L\000E\000D\160\271\226\065\177\026\170\001\145\271\154\325}{chapter.3}% 21
\BOOKMARK [2][-]{subsection.3.3.1}{\376\377\0003\000.\0003\000.\0001\000\040\155\101\154\064\177\026\170\001}{section.3.3}% 22
\BOOKMARK [2][-]{subsection.3.3.2}{\376\377\0003\000.\0003\000.\0002\000\040\116\214\217\333\122\066\177\026\170\001}{section.3.3}% 23
\BOOKMARK [2][-]{subsection.3.3.3}{\376\377\0003\000.\0003\000.\0003\000\040\150\074\226\367\170\001\177\026\170\001}{section.3.3}% 24
\BOOKMARK [2][-]{subsection.3.3.4}{\376\377\0003\000.\0003\000.\0004\000\040\122\006\176\304\123\340\122\240\177\026\170\001}{section.3.3}% 25
\BOOKMARK [2][-]{subsection.3.3.5}{\376\377\0003\000.\0003\000.\0005\000\040\217\333\117\115\155\101\154\064\177\026\170\001}{section.3.3}% 26
\BOOKMARK [2][-]{subsection.3.3.6}{\376\377\0003\000.\0003\000.\0006\000\040\177\026\170\001\145\271\154\325\153\324\217\203}{section.3.3}% 27
\BOOKMARK [1][-]{section.3.4}{\376\377\0003\000.\0004\000\040\126\376\120\317\150\300\155\113\173\227\154\325}{chapter.3}% 28
\BOOKMARK [1][-]{section.3.5}{\376\377\0003\000.\0005\000\040\147\054\172\340\134\017\176\323}{chapter.3}% 29
\BOOKMARK [0][]{chapter.4}{\376\377\173\054\0004\172\340\000\040\131\032\144\104\120\317\131\064\174\373\176\337\166\204\145\366\225\364\124\014\153\145}{ctitle.-1}% 30
\BOOKMARK [1][-]{section.4.1}{\376\377\0004\000.\0001\000\040\147\054\172\340\137\025\212\000}{chapter.4}% 31
\BOOKMARK [1][-]{section.4.2}{\376\377\0004\000.\0002\000\040\116\073\211\201\170\024\172\166\121\205\133\271\124\214\143\021\142\030}{chapter.4}% 32
\BOOKMARK [1][-]{section.4.3}{\376\377\0004\000.\0003\000\040\147\054\172\340\134\017\176\323}{chapter.4}% 33
\BOOKMARK [0][]{chapter.5}{\376\377\173\054\0005\172\340\000\040\131\032\144\104\120\317\131\064\174\373\176\337\166\204\142\315\144\104\145\366\225\364\150\300\155\113}{ctitle.-1}% 34
\BOOKMARK [1][-]{section.5.1}{\376\377\0005\000.\0001\000\040\147\054\172\340\137\025\212\000}{chapter.5}% 35
\BOOKMARK [1][-]{section.5.2}{\376\377\0005\000.\0002\000\040\116\073\211\201\170\024\172\166\121\205\133\271\124\214\143\021\142\030}{chapter.5}% 36
\BOOKMARK [1][-]{section.5.3}{\376\377\0005\000.\0003\000\040\147\054\145\207\166\204\116\073\211\201\215\041\163\056}{chapter.5}% 37
\BOOKMARK [0][]{chapter.6}{\376\377\173\054\0006\172\340\000\040\140\073\176\323\116\016\134\125\147\033}{ctitle.-1}% 38
\BOOKMARK [1][-]{section.6.1}{\376\377\0006\000.\0001\000\040\135\345\117\134\140\073\176\323}{chapter.6}% 39
\BOOKMARK [1][-]{section.6.2}{\376\377\0006\000.\0002\000\040\147\052\147\145\134\125\147\033}{chapter.6}% 40
\BOOKMARK [0][]{section.6.2}{\376\377\123\302\200\003\145\207\163\056}{ctitle.-1}% 41
\BOOKMARK [0][]{chapter*.31}{\376\377\201\364\000\040\214\042}{ctitle.-1}% 42
\BOOKMARK [0][]{chapter*.32}{\376\377\130\360\000\040\146\016}{ctitle.-1}% 43
\BOOKMARK [0][]{chapter*.33}{\376\377\116\052\116\272\173\200\123\206\060\001\127\050\133\146\147\037\225\364\123\321\210\150\166\204\133\146\147\057\213\272\145\207\116\016\170\024\172\166\142\020\147\234}{ctitle.-1}% 44
