This is XeTeX, Version 3.14159265-2.6-0.99996 (MiKTeX 2.9.6100 64-bit) (preloaded format=xelatex 2017.1.3)  11 APR 2017 15:37
entering extended mode
**C:/Users/Zheng/Desktop/finalPaper/thuthesis-5.0.0/data/chap05.tex
(C:/Users/Zheng/Desktop/finalPaper/thuthesis-5.0.0/data/chap05.tex
LaTeX2e <2016/03/31> patch level 3
Babel <3.9r> and hyphenation patterns for 75 language(s) loaded.
! Undefined control sequence.
l.1 \chapter
            {å®éªŒä¸ç»“æœåˆ†æ}
The control sequence at the end of the top line
of your error message was never \def'ed. If you have
misspelled it (e.g., `\hobx'), type `I' and the correct
spelling (e.g., `I\hbox'). Otherwise just continue,
and I'll forget about whatever was undefined.


! LaTeX Error: Missing \begin{document}.

See the LaTeX manual or LaTeX Companion for explanation.
Type  H <return>  for immediate help.
 ...                                              
                                                  
l.1 \chapter{å®
                éªŒä¸ç»“æœåˆ†æ}
You're in trouble here.  Try typing  <return>  to proceed.
If that doesn't work, type  X <return>  to quit.

Missing character: There is no å® in font nullfont!
Missing character: There is no éªŒ in font nullfont!
Missing character: There is no ä¸ in font nullfont!
Missing character: There is no ç»“ in font nullfont!
Missing character: There is no æœ in font nullfont!
Missing character: There is no åˆ† in font nullfont!
Missing character: There is no æ in font nullfont!

Overfull \hbox (20.0pt too wide) in paragraph at lines 1--2
[] 
 []

! Undefined control sequence.
l.3 \section
            {æœ¬ç« å¼•è¨€}
The control sequence at the end of the top line
of your error message was never \def'ed. If you have
misspelled it (e.g., `\hobx'), type `I' and the correct
spelling (e.g., `I\hbox'). Otherwise just continue,
and I'll forget about whatever was undefined.


! LaTeX Error: Missing \begin{document}.

See the LaTeX manual or LaTeX Companion for explanation.
Type  H <return>  for immediate help.
 ...                                              
                                                  
l.3 \section{æœ¬
                ç« å¼•è¨€}
You're in trouble here.  Try typing  <return>  to proceed.
If that doesn't work, type  X <return>  to quit.

Missing character: There is no æœ¬ in font nullfont!
Missing character: There is no ç«  in font nullfont!
Missing character: There is no å¼• in font nullfont!
Missing character: There is no è¨€ in font nullfont!

Overfull \hbox (20.0pt too wide) in paragraph at lines 3--4
[] 
 []


! LaTeX Error: Missing \begin{document}.

See the LaTeX manual or LaTeX Companion for explanation.
Type  H <return>  for immediate help.
 ...                                              
                                                  
l.5 ä¸º
       äº†éªŒè¯å‰æ–‡æ‰€è¿°å„ç§æ–¹æ³•çš„å®é™…æ•ˆæœï¼Œæœ¬ç« é€šè¿‡æ­å»º...

You're in trouble here.  Try typing  <return>  to proceed.
If that doesn't work, type  X <return>  to quit.

Missing character: There is no ä¸º in font nullfont!
Missing character: There is no äº† in font nullfont!
Missing character: There is no éªŒ in font nullfont!
Missing character: There is no è¯ in font nullfont!
Missing character: There is no å‰ in font nullfont!
Missing character: There is no æ–‡ in font nullfont!
Missing character: There is no æ‰€ in font nullfont!
Missing character: There is no è¿° in font nullfont!
Missing character: There is no å„ in font nullfont!
Missing character: There is no ç§ in font nullfont!
Missing character: There is no æ–¹ in font nullfont!
Missing character: There is no æ³• in font nullfont!
Missing character: There is no çš„ in font nullfont!
Missing character: There is no å® in font nullfont!
Missing character: There is no é™… in font nullfont!
Missing character: There is no æ•ˆ in font nullfont!
Missing character: There is no æœ in font nullfont!
Missing character: There is no ï¼Œ in font nullfont!
Missing character: There is no æœ¬ in font nullfont!
Missing character: There is no ç«  in font nullfont!
Missing character: There is no é€š in font nullfont!
Missing character: There is no è¿‡ in font nullfont!
Missing character: There is no æ­ in font nullfont!
Missing character: There is no å»º in font nullfont!
Missing character: There is no çš„ in font nullfont!
Missing character: There is no ä¸€ in font nullfont!
Missing character: There is no ä¸ª in font nullfont!
Missing character: There is no å¤š in font nullfont!
Missing character: There is no æ‘„ in font nullfont!
Missing character: There is no åƒ in font nullfont!
Missing character: There is no å¤´ in font nullfont!
Missing character: There is no ç³» in font nullfont!
Missing character: There is no ç»Ÿ in font nullfont!
Missing character: There is no ï¼Œ in font nullfont!
Missing character: There is no å¯¹ in font nullfont!
Missing character: There is no å‡  in font nullfont!
Missing character: There is no ç§ in font nullfont!
Missing character: There is no L in font nullfont!
Missing character: There is no E in font nullfont!
Missing character: There is no D in font nullfont!
Missing character: There is no ç‚¹ in font nullfont!
Missing character: There is no é˜µ in font nullfont!
Missing character: There is no çš„ in font nullfont!
Missing character: There is no ç¼– in font nullfont!
Missing character: There is no ç  in font nullfont!
Missing character: There is no æ–¹ in font nullfont!
Missing character: There is no æ³• in font nullfont!
Missing character: There is no è¿› in font nullfont!
Missing character: There is no è¡Œ in font nullfont!
Missing character: There is no æ¯” in font nullfont!
Missing character: There is no è¾ƒ in font nullfont!
Missing character: There is no ï¼Œ in font nullfont!
Missing character: There is no å¹¶ in font nullfont!
Missing character: There is no é€š in font nullfont!
Missing character: There is no è¿‡ in font nullfont!
Missing character: There is no å® in font nullfont!
Missing character: There is no éªŒ in font nullfont!
Missing character: There is no éªŒ in font nullfont!
Missing character: There is no è¯ in font nullfont!
Missing character: There is no æ‘„ in font nullfont!
Missing character: There is no åƒ in font nullfont!
Missing character: There is no å¤´ in font nullfont!
Missing character: There is no æ‹ in font nullfont!
Missing character: There is no æ‘„ in font nullfont!
Missing character: There is no æ—¶ in font nullfont!
Missing character: There is no é—´ in font nullfont!
Missing character: There is no æ£€ in font nullfont!
Missing character: There is no æµ‹ in font nullfont!
Missing character: There is no æ–¹ in font nullfont!
Missing character: There is no æ³• in font nullfont!
Missing character: There is no çš„ in font nullfont!
Missing character: There is no æ£€ in font nullfont!
Missing character: There is no æµ‹ in font nullfont!
Missing character: There is no æ•ˆ in font nullfont!
Missing character: There is no æœ in font nullfont!
Missing character: There is no å’Œ in font nullfont!
Missing character: There is no å¤š in font nullfont!
Missing character: There is no æ‘„ in font nullfont!
Missing character: There is no åƒ in font nullfont!
Missing character: There is no å¤´ in font nullfont!
Missing character: There is no ç³» in font nullfont!
Missing character: There is no ç»Ÿ in font nullfont!
Missing character: There is no æ—¶ in font nullfont!
Missing character: There is no é—´ in font nullfont!
Missing character: There is no åŒ in font nullfont!
Missing character: There is no æ­¥ in font nullfont!
Missing character: There is no æ–¹ in font nullfont!
Missing character: There is no æ³• in font nullfont!
Missing character: There is no çš„ in font nullfont!
Missing character: There is no åŒ in font nullfont!
Missing character: There is no æ­¥ in font nullfont!
Missing character: There is no æ•ˆ in font nullfont!
Missing character: There is no æœ in font nullfont!
Missing character: There is no ã€‚ in font nullfont!

Overfull \hbox (20.0pt too wide) in paragraph at lines 5--6
[] 
 []

! Undefined control sequence.
l.7 \section
            {å¤šæ‘„åƒå¤´ç³»ç»ŸåŠæ‹æ‘„æ—¶é—´æ£€æµ‹ç³»ç»Ÿç¡¬ä»¶é…ç½®}
The control sequence at the end of the top line
of your error message was never \def'ed. If you have
misspelled it (e.g., `\hobx'), type `I' and the correct
spelling (e.g., `I\hbox'). Otherwise just continue,
and I'll forget about whatever was undefined.


! LaTeX Error: Missing \begin{document}.

See the LaTeX manual or LaTeX Companion for explanation.
Type  H <return>  for immediate help.
 ...                                              
                                                  
l.7 \section{å¤š
                æ‘„åƒå¤´ç³»ç»ŸåŠæ‹æ‘„æ—¶é—´æ£€æµ‹ç³»ç»Ÿç¡¬ä»¶é…ç½®}
You're in trouble here.  Try typing  <return>  to proceed.
If that doesn't work, type  X <return>  to quit.

Missing character: There is no å¤š in font nullfont!
Missing character: There is no æ‘„ in font nullfont!
Missing character: There is no åƒ in font nullfont!
Missing character: There is no å¤´ in font nullfont!
Missing character: There is no ç³» in font nullfont!
Missing character: There is no ç»Ÿ in font nullfont!
Missing character: There is no åŠ in font nullfont!
Missing character: There is no æ‹ in font nullfont!
Missing character: There is no æ‘„ in font nullfont!
Missing character: There is no æ—¶ in font nullfont!
Missing character: There is no é—´ in font nullfont!
Missing character: There is no æ£€ in font nullfont!
Missing character: There is no æµ‹ in font nullfont!
Missing character: There is no ç³» in font nullfont!
Missing character: There is no ç»Ÿ in font nullfont!
Missing character: There is no ç¡¬ in font nullfont!
Missing character: There is no ä»¶ in font nullfont!
Missing character: There is no é… in font nullfont!
Missing character: There is no ç½® in font nullfont!

Overfull \hbox (20.0pt too wide) in paragraph at lines 7--8
[] 
 []


! LaTeX Error: Missing \begin{document}.

See the LaTeX manual or LaTeX Companion for explanation.
Type  H <return>  for immediate help.
 ...                                              
                                                  
l.9 æœ¬
       ç« æ‰€ä»‹ç»çš„å¤šæ‘„åƒå¤´ç³»ç»Ÿç”±å››ä¸ªæ‘„åƒå¤´åŠä¸€ä¸ªå›¾åƒå¤„...

You're in trouble here.  Try typing  <return>  to proceed.
If that doesn't work, type  X <return>  to quit.

Missing character: There is no æœ¬ in font nullfont!
Missing character: There is no ç«  in font nullfont!
Missing character: There is no æ‰€ in font nullfont!
Missing character: There is no ä»‹ in font nullfont!
Missing character: There is no ç» in font nullfont!
Missing character: There is no çš„ in font nullfont!
Missing character: There is no å¤š in font nullfont!
Missing character: There is no æ‘„ in font nullfont!
Missing character: There is no åƒ in font nullfont!
Missing character: There is no å¤´ in font nullfont!
Missing character: There is no ç³» in font nullfont!
Missing character: There is no ç»Ÿ in font nullfont!
Missing character: There is no ç”± in font nullfont!
Missing character: There is no å›› in font nullfont!
Missing character: There is no ä¸ª in font nullfont!
Missing character: There is no æ‘„ in font nullfont!
Missing character: There is no åƒ in font nullfont!
Missing character: There is no å¤´ in font nullfont!
Missing character: There is no åŠ in font nullfont!
Missing character: There is no ä¸€ in font nullfont!
Missing character: There is no ä¸ª in font nullfont!
Missing character: There is no å›¾ in font nullfont!
Missing character: There is no åƒ in font nullfont!
Missing character: There is no å¤„ in font nullfont!
Missing character: There is no ç† in font nullfont!
Missing character: There is no æœ in font nullfont!
Missing character: There is no åŠ¡ in font nullfont!
Missing character: There is no å™¨ in font nullfont!
Missing character: There is no ç»„ in font nullfont!
Missing character: There is no æˆ in font nullfont!
Missing character: There is no ï¼Œ in font nullfont!
Missing character: There is no æ¯ in font nullfont!
Missing character: There is no ä¸ª in font nullfont!
Missing character: There is no æ‘„ in font nullfont!
Missing character: There is no åƒ in font nullfont!
Missing character: There is no å¤´ in font nullfont!
Missing character: There is no ç”± in font nullfont!
Missing character: There is no ä¸€ in font nullfont!
Missing character: There is no å° in font nullfont!
Missing character: There is no æ ‘ in font nullfont!
Missing character: There is no è“ in font nullfont!
Missing character: There is no æ´¾ in font nullfont!
Missing character: There is no ç”µ in font nullfont!
Missing character: There is no è„‘ in font nullfont!
Missing character: There is no æ§ in font nullfont!
Missing character: There is no åˆ¶ in font nullfont!
Missing character: There is no ï¼Œ in font nullfont!
Missing character: There is no æ ‘ in font nullfont!
Missing character: There is no è“ in font nullfont!
Missing character: There is no æ´¾ in font nullfont!
Missing character: There is no ä¸ in font nullfont!
Missing character: There is no æœ in font nullfont!
Missing character: There is no åŠ¡ in font nullfont!
Missing character: There is no å™¨ in font nullfont!
Missing character: There is no ä¹‹ in font nullfont!
Missing character: There is no é—´ in font nullfont!
Missing character: There is no é€š in font nullfont!
Missing character: There is no è¿‡ in font nullfont!
Missing character: There is no äº¤ in font nullfont!
Missing character: There is no æ¢ in font nullfont!
Missing character: There is no æœº in font nullfont!
Missing character: There is no è¿ in font nullfont!
Missing character: There is no æ¥ in font nullfont!
Missing character: There is no ï¼Œ in font nullfont!
Missing character: There is no å¤„ in font nullfont!
Missing character: There is no äº in font nullfont!
Missing character: There is no åŒ in font nullfont!
Missing character: There is no ä¸€ in font nullfont!
Missing character: There is no ä¸ª in font nullfont!
Missing character: There is no å±€ in font nullfont!
Missing character: There is no åŸŸ in font nullfont!
Missing character: There is no ç½‘ in font nullfont!
Missing character: There is no ç»œ in font nullfont!
Missing character: There is no å†… in font nullfont!
Missing character: There is no ã€‚ in font nullfont!
Missing character: There is no ä½¿ in font nullfont!
Missing character: There is no ç”¨ in font nullfont!
Missing character: There is no ç‹¬ in font nullfont!
Missing character: There is no ç«‹ in font nullfont!
Missing character: There is no æ“ in font nullfont!
Missing character: There is no ä½œ in font nullfont!
Missing character: There is no ç³» in font nullfont!
Missing character: There is no ç»Ÿ in font nullfont!
Missing character: There is no æ§ in font nullfont!
Missing character: There is no åˆ¶ in font nullfont!
Missing character: There is no æ‘„ in font nullfont!
Missing character: There is no åƒ in font nullfont!
Missing character: There is no å¤´ in font nullfont!
Missing character: There is no ï¼Œ in font nullfont!
Missing character: There is no è€Œ in font nullfont!
Missing character: There is no ä¸ in font nullfont!
Missing character: There is no æ˜¯ in font nullfont!
Missing character: There is no é€š in font nullfont!
Missing character: There is no è¿‡ in font nullfont!
Missing character: There is no ç¡¬ in font nullfont!
Missing character: There is no ä»¶ in font nullfont!
Missing character: There is no å°† in font nullfont!
Missing character: There is no æ‘„ in font nullfont!
Missing character: There is no åƒ in font nullfont!
Missing character: There is no å¤´ in font nullfont!
Missing character: There is no ç›´ in font nullfont!
Missing character: There is no æ¥ in font nullfont!
Missing character: There is no ä¸ in font nullfont!
Missing character: There is no æœ in font nullfont!
Missing character: There is no åŠ¡ in font nullfont!
Missing character: There is no å™¨ in font nullfont!
Missing character: There is no ç›¸ in font nullfont!
Missing character: There is no è¿ in font nullfont!
Missing character: There is no ï¼Œ in font nullfont!
Missing character: There is no èƒ½ in font nullfont!
Missing character: There is no å¤Ÿ in font nullfont!
Missing character: There is no å‡ in font nullfont!
Missing character: There is no å°‘ in font nullfont!
Missing character: There is no å¯¹ in font nullfont!
Missing character: There is no æœ in font nullfont!
Missing character: There is no åŠ¡ in font nullfont!
Missing character: There is no å™¨ in font nullfont!
Missing character: There is no æ€§ in font nullfont!
Missing character: There is no èƒ½ in font nullfont!
Missing character: There is no çš„ in font nullfont!
Missing character: There is no æ¶ˆ in font nullfont!
Missing character: There is no è€— in font nullfont!
Missing character: There is no ï¼Œ in font nullfont!
Missing character: There is no å¹¶ in font nullfont!
Missing character: There is no ä¸” in font nullfont!
Missing character: There is no æ–¹ in font nullfont!
Missing character: There is no ä¾¿ in font nullfont!
Missing character: There is no ç³» in font nullfont!
Missing character: There is no ç»Ÿ in font nullfont!
Missing character: There is no ä¸­ in font nullfont!
Missing character: There is no æ‘„ in font nullfont!
Missing character: There is no åƒ in font nullfont!
Missing character: There is no å¤´ in font nullfont!
Missing character: There is no æ•° in font nullfont!
Missing character: There is no é‡ in font nullfont!
Missing character: There is no çš„ in font nullfont!
Missing character: There is no å® in font nullfont!
Missing character: There is no æ—¶ in font nullfont!
Missing character: There is no å¢ in font nullfont!
Missing character: There is no å‡ in font nullfont!
Missing character: There is no ï¼Œ in font nullfont!
Missing character: There is no ä¹Ÿ in font nullfont!
Missing character: There is no èƒ½ in font nullfont!
Missing character: There is no é¿ in font nullfont!
Missing character: There is no å… in font nullfont!
Missing character: There is no æœ in font nullfont!
Missing character: There is no åŠ¡ in font nullfont!
Missing character: There is no å™¨ in font nullfont!
Missing character: There is no ç¡¬ in font nullfont!
Missing character: There is no ä»¶ in font nullfont!
Missing character: There is no æ¥ in font nullfont!
Missing character: There is no å£ in font nullfont!
Missing character: There is no çš„ in font nullfont!
Missing character: There is no æ•° in font nullfont!
Missing character: There is no é‡ in font nullfont!
Missing character: There is no é™ in font nullfont!
Missing character: There is no åˆ¶ in font nullfont!
Missing character: There is no ï¼Œ in font nullfont!
Missing character: There is no å® in font nullfont!
Missing character: There is no ç° in font nullfont!
Missing character: There is no æ‘„ in font nullfont!
Missing character: There is no åƒ in font nullfont!
Missing character: There is no å¤´ in font nullfont!
Missing character: There is no æ•° in font nullfont!
Missing character: There is no é‡ in font nullfont!
Missing character: There is no çš„ in font nullfont!
Missing character: There is no å¤§ in font nullfont!
Missing character: There is no è§„ in font nullfont!
Missing character: There is no æ¨¡ in font nullfont!
Missing character: There is no å¢ in font nullfont!
Missing character: There is no é•¿ in font nullfont!
Missing character: There is no ã€‚ in font nullfont!

Overfull \hbox (20.0pt too wide) in paragraph at lines 9--10
[] 
 []


! LaTeX Error: Missing \begin{document}.

See the LaTeX manual or LaTeX Companion for explanation.
Type  H <return>  for immediate help.
 ...                                              
                                                  
l.11 æ ‘
        è“æ´¾ï¼ˆ Raspberry Piï¼‰æ˜¯ä¸€æ¬¾åŸºäºARMæ¶æ„çš„å°å‹ç”µè„‘ \fo...

You're in trouble here.  Try typing  <return>  to proceed.
If that doesn't work, type  X <return>  to quit.

Missing character: There is no æ ‘ in font nullfont!
Missing character: There is no è“ in font nullfont!
Missing character: There is no æ´¾ in font nullfont!
Missing character: There is no ï¼ˆ in font nullfont!
Missing character: There is no R in font nullfont!
Missing character: There is no a in font nullfont!
Missing character: There is no s in font nullfont!
Missing character: There is no p in font nullfont!
Missing character: There is no b in font nullfont!
Missing character: There is no e in font nullfont!
Missing character: There is no r in font nullfont!
Missing character: There is no r in font nullfont!
Missing character: There is no y in font nullfont!
Missing character: There is no P in font nullfont!
Missing character: There is no i in font nullfont!
Missing character: There is no ï¼‰ in font nullfont!
Missing character: There is no æ˜¯ in font nullfont!
Missing character: There is no ä¸€ in font nullfont!
Missing character: There is no æ¬¾ in font nullfont!
Missing character: There is no åŸº in font nullfont!
Missing character: There is no äº in font nullfont!
Missing character: There is no A in font nullfont!
Missing character: There is no R in font nullfont!
Missing character: There is no M in font nullfont!
Missing character: There is no æ¶ in font nullfont!
Missing character: There is no æ„ in font nullfont!
Missing character: There is no çš„ in font nullfont!
Missing character: There is no å° in font nullfont!
Missing character: There is no å‹ in font nullfont!
Missing character: There is no ç”µ in font nullfont!
Missing character: There is no è„‘ in font nullfont!
LaTeX Font Info:    External font `cmex10' loaded for size
(Font)              <7> on input line 11.
LaTeX Font Info:    External font `cmex10' loaded for size
(Font)              <5> on input line 11.
! Undefined control sequence.
\@footnotetext ...tins {\reset@font \footnotesize 
                                                  \interlinepenalty \interfo...
l.11 ...„‘ \footnote{https://www.raspberrypi.org/}
                                                  ï¼Œå¯ä»¥è¿è¡ŒLinuxæ“ä½œ...
The control sequence at the end of the top line
of your error message was never \def'ed. If you have
misspelled it (e.g., `\hobx'), type `I' and the correct
spelling (e.g., `I\hbox'). Otherwise just continue,
and I'll forget about whatever was undefined.

! Undefined control sequence.
\@footnotetext ...}\color@begingroup \@makefntext 
                                                  {\rule \z@ \footnotesep \i...
l.11 ...„‘ \footnote{https://www.raspberrypi.org/}
                                                  ï¼Œå¯ä»¥è¿è¡ŒLinuxæ“ä½œ...
The control sequence at the end of the top line
of your error message was never \def'ed. If you have
misspelled it (e.g., `\hobx'), type `I' and the correct
spelling (e.g., `I\hbox'). Otherwise just continue,
and I'll forget about whatever was undefined.


Overfull \hbox (131.6114pt too wide) in paragraph at lines 11--11
[][]\OT1/cmr/m/n/10 https://www.raspberrypi.org/| 
 []

Missing character: There is no ï¼Œ in font nullfont!
Missing character: There is no å¯ in font nullfont!
Missing character: There is no ä»¥ in font nullfont!
Missing character: There is no è¿ in font nullfont!
Missing character: There is no è¡Œ in font nullfont!
Missing character: There is no L in font nullfont!
Missing character: There is no i in font nullfont!
Missing character: There is no n in font nullfont!
Missing character: There is no u in font nullfont!
Missing character: There is no x in font nullfont!
Missing character: There is no æ“ in font nullfont!
Missing character: There is no ä½œ in font nullfont!
Missing character: There is no ç³» in font nullfont!
Missing character: There is no ç»Ÿ in font nullfont!
Missing character: There is no ï¼Œ in font nullfont!
Missing character: There is no å…· in font nullfont!
Missing character: There is no æœ‰ in font nullfont!
Missing character: There is no å»‰ in font nullfont!
Missing character: There is no ä»· in font nullfont!
Missing character: There is no ã€ in font nullfont!
Missing character: There is no å° in font nullfont!
Missing character: There is no å·§ in font nullfont!
Missing character: There is no ã€ in font nullfont!
Missing character: There is no æ¥ in font nullfont!
Missing character: There is no å£ in font nullfont!
Missing character: There is no ä¸° in font nullfont!
Missing character: There is no å¯Œ in font nullfont!
Missing character: There is no ç­‰ in font nullfont!
Missing character: There is no ä¼˜ in font nullfont!
Missing character: There is no ç‚¹ in font nullfont!
Missing character: There is no ã€‚ in font nullfont!
Missing character: There is no æœ¬ in font nullfont!
Missing character: There is no æ–‡ in font nullfont!
Missing character: There is no é€‰ in font nullfont!
Missing character: There is no ç”¨ in font nullfont!
Missing character: There is no çš„ in font nullfont!
Missing character: There is no æ˜¯ in font nullfont!
Missing character: There is no æ ‘ in font nullfont!
Missing character: There is no è“ in font nullfont!
Missing character: There is no æ´¾ in font nullfont!
Missing character: There is no M in font nullfont!
Missing character: There is no o in font nullfont!
Missing character: There is no d in font nullfont!
Missing character: There is no e in font nullfont!
Missing character: There is no l in font nullfont!
Missing character: There is no B in font nullfont!
Missing character: There is no + in font nullfont!
Missing character: There is no å‹ in font nullfont!
Missing character: There is no å· in font nullfont!
Missing character: There is no ï¼Œ in font nullfont!
Missing character: There is no æ­ in font nullfont!
Missing character: There is no è½½ in font nullfont!
Missing character: There is no A in font nullfont!
Missing character: There is no R in font nullfont!
Missing character: There is no M in font nullfont!
Missing character: There is no 1 in font nullfont!
Missing character: There is no 1 in font nullfont!
Missing character: There is no å¤„ in font nullfont!
Missing character: There is no ç† in font nullfont!
Missing character: There is no å™¨ in font nullfont!
Missing character: There is no å’Œ in font nullfont!
Missing character: There is no 5 in font nullfont!
Missing character: There is no 1 in font nullfont!
Missing character: There is no 2 in font nullfont!
Missing character: There is no M in font nullfont!
Missing character: There is no B in font nullfont!
Missing character: There is no å†… in font nullfont!
Missing character: There is no å­˜ in font nullfont!
Missing character: There is no ï¼Œ in font nullfont!
Missing character: There is no å¯ in font nullfont!
Missing character: There is no ä»¥ in font nullfont!
Missing character: There is no é€š in font nullfont!
Missing character: There is no è¿‡ in font nullfont!
Missing character: There is no 1 in font nullfont!
Missing character: There is no 0 in font nullfont!
Missing character: There is no / in font nullfont!
Missing character: There is no 1 in font nullfont!
Missing character: There is no 0 in font nullfont!
Missing character: There is no 0 in font nullfont!
Missing character: There is no M in font nullfont!
Missing character: There is no b in font nullfont!
Missing character: There is no p in font nullfont!
Missing character: There is no s in font nullfont!
Missing character: There is no ä»¥ in font nullfont!
Missing character: There is no å¤ª in font nullfont!
Missing character: There is no ç½‘ in font nullfont!
Missing character: There is no æ¥ in font nullfont!
Missing character: There is no å£ in font nullfont!
Missing character: There is no æ¥ in font nullfont!
Missing character: There is no å…¥ in font nullfont!
Missing character: There is no ç½‘ in font nullfont!
Missing character: There is no ç»œ in font nullfont!
Missing character: There is no ï¼Œ in font nullfont!
Missing character: There is no è¿ in font nullfont!
Missing character: There is no è¡Œ in font nullfont!
Missing character: There is no åŸº in font nullfont!
Missing character: There is no äº in font nullfont!
Missing character: There is no D in font nullfont!
Missing character: There is no e in font nullfont!
Missing character: There is no b in font nullfont!
Missing character: There is no i in font nullfont!
Missing character: There is no a in font nullfont!
Missing character: There is no n in font nullfont!
Missing character: There is no çš„ in font nullfont!
Missing character: There is no R in font nullfont!
Missing character: There is no A in font nullfont!
Missing character: There is no S in font nullfont!
Missing character: There is no P in font nullfont!
Missing character: There is no B in font nullfont!
Missing character: There is no I in font nullfont!
Missing character: There is no A in font nullfont!
Missing character: There is no N in font nullfont!
Missing character: There is no J in font nullfont!
Missing character: There is no E in font nullfont!
Missing character: There is no S in font nullfont!
Missing character: There is no S in font nullfont!
Missing character: There is no I in font nullfont!
Missing character: There is no E in font nullfont!
Missing character: There is no æ“ in font nullfont!
Missing character: There is no ä½œ in font nullfont!
Missing character: There is no ç³» in font nullfont!
Missing character: There is no ç»Ÿ in font nullfont!
Missing character: There is no ã€‚ in font nullfont!
Missing character: There is no æ‘„ in font nullfont!
Missing character: There is no åƒ in font nullfont!
Missing character: There is no å¤´ in font nullfont!
Missing character: There is no é€‰ in font nullfont!
Missing character: There is no ç”¨ in font nullfont!
Missing character: There is no æ ‘ in font nullfont!
Missing character: There is no è“ in font nullfont!
Missing character: There is no æ´¾ in font nullfont!
Missing character: There is no æ‘„ in font nullfont!
Missing character: There is no åƒ in font nullfont!
Missing character: There is no å¤´ in font nullfont!
Missing character: There is no æ¨¡ in font nullfont!
Missing character: There is no å— in font nullfont!
Missing character: There is no ï¼Œ in font nullfont!
Missing character: There is no å…· in font nullfont!
Missing character: There is no æœ‰ in font nullfont!
Missing character: There is no 1 in font nullfont!
Missing character: There is no / in font nullfont!
Missing character: There is no 4 in font nullfont!
Missing character: There is no è‹± in font nullfont!
Missing character: There is no å¯¸ in font nullfont!
Missing character: There is no C in font nullfont!
Missing character: There is no M in font nullfont!
Missing character: There is no O in font nullfont!
Missing character: There is no S in font nullfont!
Missing character: There is no ä¼  in font nullfont!
Missing character: There is no æ„Ÿ in font nullfont!
Missing character: There is no å™¨ in font nullfont!
Missing character: There is no ï¼Œ in font nullfont!
Missing character: There is no 5 in font nullfont!
Missing character: There is no 0 in font nullfont!
Missing character: There is no 0 in font nullfont!
Missing character: There is no ä¸‡ in font nullfont!
Missing character: There is no åƒ in font nullfont!
Missing character: There is no ç´  in font nullfont!
Missing character: There is no ï¼Œ in font nullfont!
Missing character: There is no æœ€ in font nullfont!
Missing character: There is no é«˜ in font nullfont!
Missing character: There is no åˆ† in font nullfont!
Missing character: There is no è¾¨ in font nullfont!
Missing character: There is no ç‡ in font nullfont!
Missing character: There is no èƒ½ in font nullfont!
Missing character: There is no å¤Ÿ in font nullfont!
Missing character: There is no è¾¾ in font nullfont!
Missing character: There is no åˆ° in font nullfont!
Missing character: There is no 2 in font nullfont!
Missing character: There is no 9 in font nullfont!
Missing character: There is no 5 in font nullfont!
Missing character: There is no 2 in font nullfont!
Missing character: There is no Ã— in font nullfont!
Missing character: There is no 1 in font nullfont!
Missing character: There is no 9 in font nullfont!
Missing character: There is no 4 in font nullfont!
Missing character: There is no 4 in font nullfont!
Missing character: There is no ï¼Œ in font nullfont!
Missing character: There is no é€š in font nullfont!
Missing character: There is no è¿‡ in font nullfont!
Missing character: There is no ç›¸ in font nullfont!
Missing character: There is no æœº in font nullfont!
Missing character: There is no ä¸² in font nullfont!
Missing character: There is no è¡Œ in font nullfont!
Missing character: There is no æ¥ in font nullfont!
Missing character: There is no å£ in font nullfont!
Missing character: There is no ï¼ˆ in font nullfont!
Missing character: There is no C in font nullfont!
Missing character: There is no S in font nullfont!
Missing character: There is no I in font nullfont!
Missing character: There is no ï¼‰ in font nullfont!
Missing character: There is no ä¸ in font nullfont!
Missing character: There is no æ ‘ in font nullfont!
Missing character: There is no è“ in font nullfont!
Missing character: There is no æ´¾ in font nullfont!
Missing character: There is no è¿ in font nullfont!
Missing character: There is no æ¥ in font nullfont!
Missing character: There is no ã€‚ in font nullfont!
Missing character: There is no ç¼– in font nullfont!
Missing character: There is no å†™ in font nullfont!
Missing character: There is no æ‘„ in font nullfont!
Missing character: There is no åƒ in font nullfont!
Missing character: There is no å¤´ in font nullfont!
Missing character: There is no æ§ in font nullfont!
Missing character: There is no åˆ¶ in font nullfont!
Missing character: There is no ç¨‹ in font nullfont!
Missing character: There is no åº in font nullfont!
Missing character: There is no è¿ in font nullfont!
Missing character: There is no è¡Œ in font nullfont!
Missing character: There is no åœ¨ in font nullfont!
Missing character: There is no æ ‘ in font nullfont!
Missing character: There is no è“ in font nullfont!
Missing character: There is no æ´¾ in font nullfont!
Missing character: There is no æ“ in font nullfont!
Missing character: There is no ä½œ in font nullfont!
Missing character: There is no ç³» in font nullfont!
Missing character: There is no ç»Ÿ in font nullfont!
Missing character: There is no ä¸­ in font nullfont!
Missing character: There is no ï¼Œ in font nullfont!
Missing character: There is no å³ in font nullfont!
Missing character: There is no å¯ in font nullfont!
Missing character: There is no å¯¹ in font nullfont!
Missing character: There is no æ‘„ in font nullfont!
Missing character: There is no åƒ in font nullfont!
Missing character: There is no å¤´ in font nullfont!
Missing character: There is no å® in font nullfont!
Missing character: There is no ç° in font nullfont!
Missing character: There is no æ§ in font nullfont!
Missing character: There is no åˆ¶ in font nullfont!
Missing character: There is no ã€‚ in font nullfont!
Missing character: There is no ä¸” in font nullfont!
Missing character: There is no å¯ in font nullfont!
Missing character: There is no ä»¥ in font nullfont!
Missing character: There is no é€š in font nullfont!
Missing character: There is no è¿‡ in font nullfont!
Missing character: There is no ç½‘ in font nullfont!
Missing character: There is no ç»œ in font nullfont!
Missing character: There is no ä¸ in font nullfont!
Missing character: There is no æœ in font nullfont!
Missing character: There is no åŠ¡ in font nullfont!
Missing character: There is no å™¨ in font nullfont!
Missing character: There is no è¿› in font nullfont!
Missing character: There is no è¡Œ in font nullfont!
Missing character: There is no é€š in font nullfont!
Missing character: There is no ä¿¡ in font nullfont!
Missing character: There is no ï¼Œ in font nullfont!
Missing character: There is no å® in font nullfont!
Missing character: There is no ç° in font nullfont!
Missing character: There is no æ›´ in font nullfont!
Missing character: There is no å¤š in font nullfont!
Missing character: There is no åŠŸ in font nullfont!
Missing character: There is no èƒ½ in font nullfont!
Missing character: There is no ã€‚ in font nullfont!

Overfull \hbox (20.0pt too wide) in paragraph at lines 11--12
[]
 []


Overfull \hbox (4.48613pt too wide) in paragraph at lines 11--12
[]
 []


! LaTeX Error: Missing \begin{document}.

See the LaTeX manual or LaTeX Companion for explanation.
Type  H <return>  for immediate help.
 ...                                              
                                                  
l.13 æœ
        åŠ¡å™¨é€‰ç”¨Dellç¬”è®°æœ¬ç”µè„‘ï¼Œæ­è½½Intel Core i7å¤„ç†å™¨å’Œ8Gå...

You're in trouble here.  Try typing  <return>  to proceed.
If that doesn't work, type  X <return>  to quit.

Missing character: There is no æœ in font nullfont!
Missing character: There is no åŠ¡ in font nullfont!
Missing character: There is no å™¨ in font nullfont!
Missing character: There is no é€‰ in font nullfont!
Missing character: There is no ç”¨ in font nullfont!
Missing character: There is no D in font nullfont!
Missing character: There is no e in font nullfont!
Missing character: There is no l in font nullfont!
Missing character: There is no l in font nullfont!
Missing character: There is no ç¬” in font nullfont!
Missing character: There is no è®° in font nullfont!
Missing character: There is no æœ¬ in font nullfont!
Missing character: There is no ç”µ in font nullfont!
Missing character: There is no è„‘ in font nullfont!
Missing character: There is no ï¼Œ in font nullfont!
Missing character: There is no æ­ in font nullfont!
Missing character: There is no è½½ in font nullfont!
Missing character: There is no I in font nullfont!
Missing character: There is no n in font nullfont!
Missing character: There is no t in font nullfont!
Missing character: There is no e in font nullfont!
Missing character: There is no l in font nullfont!
Missing character: There is no C in font nullfont!
Missing character: There is no o in font nullfont!
Missing character: There is no r in font nullfont!
Missing character: There is no e in font nullfont!
Missing character: There is no i in font nullfont!
Missing character: There is no 7 in font nullfont!
Missing character: There is no å¤„ in font nullfont!
Missing character: There is no ç† in font nullfont!
Missing character: There is no å™¨ in font nullfont!
Missing character: There is no å’Œ in font nullfont!
Missing character: There is no 8 in font nullfont!
Missing character: There is no G in font nullfont!
Missing character: There is no å†… in font nullfont!
Missing character: There is no å­˜ in font nullfont!
Missing character: There is no ï¼Œ in font nullfont!
Missing character: There is no é€š in font nullfont!
Missing character: There is no è¿‡ in font nullfont!
Missing character: There is no äº¤ in font nullfont!
Missing character: There is no æ¢ in font nullfont!
Missing character: There is no æœº in font nullfont!
Missing character: There is no ä¸ in font nullfont!
Missing character: There is no å„ in font nullfont!
Missing character: There is no ä¸ª in font nullfont!
Missing character: There is no æ ‘ in font nullfont!
Missing character: There is no è“ in font nullfont!
Missing character: There is no æ´¾ in font nullfont!
Missing character: There is no è¿ in font nullfont!
Missing character: There is no æ¥ in font nullfont!
Missing character: There is no ï¼Œ in font nullfont!
Missing character: There is no åœ¨ in font nullfont!
Missing character: There is no åŒ in font nullfont!
Missing character: There is no ä¸€ in font nullfont!
Missing character: There is no å±€ in font nullfont!
Missing character: There is no åŸŸ in font nullfont!
Missing character: There is no ç½‘ in font nullfont!
Missing character: There is no å†… in font nullfont!
Missing character: There is no è¿› in font nullfont!
Missing character: There is no è¡Œ in font nullfont!
Missing character: There is no æ•° in font nullfont!
Missing character: There is no æ® in font nullfont!
Missing character: There is no é€š in font nullfont!
Missing character: There is no ä¿¡ in font nullfont!
Missing character: There is no ã€‚ in font nullfont!
Missing character: There is no åœ¨ in font nullfont!
Missing character: There is no è¯¥ in font nullfont!
Missing character: There is no å¤š in font nullfont!
Missing character: There is no æ‘„ in font nullfont!
Missing character: There is no åƒ in font nullfont!
Missing character: There is no å¤´ in font nullfont!
Missing character: There is no ç³» in font nullfont!
Missing character: There is no ç»Ÿ in font nullfont!
Missing character: There is no ä¸­ in font nullfont!
Missing character: There is no ï¼Œ in font nullfont!
Missing character: There is no å›¾ in font nullfont!
Missing character: There is no åƒ in font nullfont!
Missing character: There is no å¤„ in font nullfont!
Missing character: There is no ç† in font nullfont!
Missing character: There is no æœ in font nullfont!
Missing character: There is no åŠ¡ in font nullfont!
Missing character: There is no å™¨ in font nullfont!
Missing character: There is no ä¸» in font nullfont!
Missing character: There is no è¦ in font nullfont!
Missing character: There is no è´Ÿ in font nullfont!
Missing character: There is no è´£ in font nullfont!
Missing character: There is no å¯¹ in font nullfont!
Missing character: There is no å›¾ in font nullfont!
Missing character: There is no åƒ in font nullfont!
Missing character: There is no ç­‰ in font nullfont!
Missing character: There is no ä¿¡ in font nullfont!
Missing character: There is no æ¯ in font nullfont!
Missing character: There is no è¿› in font nullfont!
Missing character: There is no è¡Œ in font nullfont!
Missing character: There is no å¤„ in font nullfont!
Missing character: There is no ç† in font nullfont!
Missing character: There is no ï¼Œ in font nullfont!
Missing character: There is no å¹¶ in font nullfont!
Missing character: There is no ä¸ in font nullfont!
Missing character: There is no å„ in font nullfont!
Missing character: There is no ä¸ª in font nullfont!
Missing character: There is no æ ‘ in font nullfont!
Missing character: There is no è“ in font nullfont!
Missing character: There is no æ´¾ in font nullfont!
Missing character: There is no è¿› in font nullfont!
Missing character: There is no è¡Œ in font nullfont!
Missing character: There is no é€š in font nullfont!
Missing character: There is no ä¿¡ in font nullfont!
Missing character: There is no ã€‚ in font nullfont!
Missing character: There is no åœ¨ in font nullfont!
Missing character: There is no è¯¥ in font nullfont!
Missing character: There is no ç³» in font nullfont!
Missing character: There is no ç»Ÿ in font nullfont!
Missing character: There is no ä¸­ in font nullfont!
Missing character: There is no ï¼Œ in font nullfont!
Missing character: There is no æœ in font nullfont!
Missing character: There is no åŠ¡ in font nullfont!
Missing character: There is no å™¨ in font nullfont!
Missing character: There is no ä¸ in font nullfont!
Missing character: There is no éœ€ in font nullfont!
Missing character: There is no è¦ in font nullfont!
Missing character: There is no ä¸ in font nullfont!
Missing character: There is no æ‘„ in font nullfont!
Missing character: There is no åƒ in font nullfont!
Missing character: There is no å¤´ in font nullfont!
Missing character: There is no é€š in font nullfont!
Missing character: There is no è¿‡ in font nullfont!
Missing character: There is no ç¡¬ in font nullfont!
Missing character: There is no ä»¶ in font nullfont!
Missing character: There is no æ¥ in font nullfont!
Missing character: There is no å£ in font nullfont!
Missing character: There is no è¿ in font nullfont!
Missing character: There is no æ¥ in font nullfont!
Missing character: There is no ï¼Œ in font nullfont!
Missing character: There is no å›  in font nullfont!
Missing character: There is no æ­¤ in font nullfont!
Missing character: There is no å¯¹ in font nullfont!
Missing character: There is no äº in font nullfont!
Missing character: There is no æœ in font nullfont!
Missing character: There is no åŠ¡ in font nullfont!
Missing character: There is no å™¨ in font nullfont!
Missing character: There is no çš„ in font nullfont!
Missing character: There is no ç¡¬ in font nullfont!
Missing character: There is no ä»¶ in font nullfont!
Missing character: There is no æ¥ in font nullfont!
Missing character: There is no å£ in font nullfont!
Missing character: There is no æ•° in font nullfont!
Missing character: There is no é‡ in font nullfont!
Missing character: There is no å¹¶ in font nullfont!
Missing character: There is no æ²¡ in font nullfont!
Missing character: There is no æœ‰ in font nullfont!
Missing character: There is no ç‰¹ in font nullfont!
Missing character: There is no æ®Š in font nullfont!
Missing character: There is no è¦ in font nullfont!
Missing character: There is no æ±‚ in font nullfont!
Missing character: There is no ã€‚ in font nullfont!
Missing character: There is no åŒ in font nullfont!
Missing character: There is no æ—¶ in font nullfont!
Missing character: There is no ï¼Œ in font nullfont!
Missing character: There is no ç”± in font nullfont!
Missing character: There is no äº in font nullfont!
Missing character: There is no å„ in font nullfont!
Missing character: There is no ä¸ª in font nullfont!
Missing character: There is no æ‘„ in font nullfont!
Missing character: There is no åƒ in font nullfont!
Missing character: There is no å¤´ in font nullfont!
Missing character: There is no é€š in font nullfont!
Missing character: There is no è¿‡ in font nullfont!
Missing character: There is no ç‹¬ in font nullfont!
Missing character: There is no ç«‹ in font nullfont!
Missing character: There is no çš„ in font nullfont!
Missing character: There is no æ ‘ in font nullfont!
Missing character: There is no è“ in font nullfont!
Missing character: There is no æ´¾ in font nullfont!
Missing character: There is no è¿› in font nullfont!
Missing character: There is no è¡Œ in font nullfont!
Missing character: There is no æ§ in font nullfont!
Missing character: There is no åˆ¶ in font nullfont!
Missing character: There is no ï¼Œ in font nullfont!
Missing character: There is no é€š in font nullfont!
Missing character: There is no è¿‡ in font nullfont!
Missing character: There is no å±€ in font nullfont!
Missing character: There is no åŸŸ in font nullfont!
Missing character: There is no ç½‘ in font nullfont!
Missing character: There is no åŒ in font nullfont!
Missing character: There is no æœ in font nullfont!
Missing character: There is no åŠ¡ in font nullfont!
Missing character: There is no å™¨ in font nullfont!
Missing character: There is no è¿ in font nullfont!
Missing character: There is no æ¥ in font nullfont!
Missing character: There is no ï¼Œ in font nullfont!
Missing character: There is no å›  in font nullfont!
Missing character: There is no æ­¤ in font nullfont!
Missing character: There is no å¯ in font nullfont!
Missing character: There is no ä»¥ in font nullfont!
Missing character: There is no éš in font nullfont!
Missing character: There is no æ—¶ in font nullfont!
Missing character: There is no å¢ in font nullfont!
Missing character: There is no å‡ in font nullfont!
Missing character: There is no ç³» in font nullfont!
Missing character: There is no ç»Ÿ in font nullfont!
Missing character: There is no å†… in font nullfont!
Missing character: There is no æ‘„ in font nullfont!
Missing character: There is no åƒ in font nullfont!
Missing character: There is no å¤´ in font nullfont!
Missing character: There is no çš„ in font nullfont!
Missing character: There is no æ•° in font nullfont!
Missing character: There is no é‡ in font nullfont!
Missing character: There is no ï¼Œ in font nullfont!
Missing character: There is no å¹¶ in font nullfont!
Missing character: There is no ä¸” in font nullfont!
Missing character: There is no å¯ in font nullfont!
Missing character: There is no ä»¥ in font nullfont!
Missing character: There is no å¢ in font nullfont!
Missing character: There is no åŠ  in font nullfont!
Missing character: There is no æ›´ in font nullfont!
Missing character: There is no å¤š in font nullfont!
Missing character: There is no çš„ in font nullfont!
Missing character: There is no æ‘„ in font nullfont!
Missing character: There is no åƒ in font nullfont!
Missing character: There is no å¤´ in font nullfont!
Missing character: There is no ï¼Œ in font nullfont!
Missing character: There is no ç»„ in font nullfont!
Missing character: There is no æˆ in font nullfont!
Missing character: There is no å¤§ in font nullfont!
Missing character: There is no è§„ in font nullfont!
Missing character: There is no æ¨¡ in font nullfont!
Missing character: There is no å¤š in font nullfont!
Missing character: There is no æ‘„ in font nullfont!
Missing character: There is no åƒ in font nullfont!
Missing character: There is no å¤´ in font nullfont!
Missing character: There is no ç³» in font nullfont!
Missing character: There is no ç»Ÿ in font nullfont!
Missing character: There is no ã€‚ in font nullfont!

Overfull \hbox (20.0pt too wide) in paragraph at lines 13--14
[]
 []


! LaTeX Error: Missing \begin{document}.

See the LaTeX manual or LaTeX Companion for explanation.
Type  H <return>  for immediate help.
 ...                                              
                                                  
l.15 æœ¬
        æ–‡æ‰€è¿°çš„æ‘„åƒå¤´æ‹æ‘„æ—¶é—´æ£€æµ‹ç³»ç»Ÿæœ‰FPGAæ§åˆ¶å™¨å’ŒLEDç...

You're in trouble here.  Try typing  <return>  to proceed.
If that doesn't work, type  X <return>  to quit.

Missing character: There is no æœ¬ in font nullfont!
Missing character: There is no æ–‡ in font nullfont!
Missing character: There is no æ‰€ in font nullfont!
Missing character: There is no è¿° in font nullfont!
Missing character: There is no çš„ in font nullfont!
Missing character: There is no æ‘„ in font nullfont!
Missing character: There is no åƒ in font nullfont!
Missing character: There is no å¤´ in font nullfont!
Missing character: There is no æ‹ in font nullfont!
Missing character: There is no æ‘„ in font nullfont!
Missing character: There is no æ—¶ in font nullfont!
Missing character: There is no é—´ in font nullfont!
Missing character: There is no æ£€ in font nullfont!
Missing character: There is no æµ‹ in font nullfont!
Missing character: There is no ç³» in font nullfont!
Missing character: There is no ç»Ÿ in font nullfont!
Missing character: There is no æœ‰ in font nullfont!
Missing character: There is no F in font nullfont!
Missing character: There is no P in font nullfont!
Missing character: There is no G in font nullfont!
Missing character: There is no A in font nullfont!
Missing character: There is no æ§ in font nullfont!
Missing character: There is no åˆ¶ in font nullfont!
Missing character: There is no å™¨ in font nullfont!
Missing character: There is no å’Œ in font nullfont!
Missing character: There is no L in font nullfont!
Missing character: There is no E in font nullfont!
Missing character: There is no D in font nullfont!
Missing character: There is no ç‚¹ in font nullfont!
Missing character: There is no é˜µ in font nullfont!
Missing character: There is no æ˜¾ in font nullfont!
Missing character: There is no ç¤º in font nullfont!
Missing character: There is no å™¨ in font nullfont!
Missing character: There is no ç»„ in font nullfont!
Missing character: There is no æˆ in font nullfont!
Missing character: There is no ã€‚ in font nullfont!
Missing character: There is no æ§ in font nullfont!
Missing character: There is no åˆ¶ in font nullfont!
Missing character: There is no å™¨ in font nullfont!
Missing character: There is no é€‰ in font nullfont!
Missing character: There is no ç”¨ in font nullfont!
Missing character: There is no A in font nullfont!
Missing character: There is no l in font nullfont!
Missing character: There is no t in font nullfont!
Missing character: There is no e in font nullfont!
Missing character: There is no r in font nullfont!
Missing character: There is no a in font nullfont!
Missing character: There is no M in font nullfont!
Missing character: There is no A in font nullfont!
Missing character: There is no X in font nullfont!
Missing character: There is no I in font nullfont!
Missing character: There is no I in font nullfont!
Missing character: There is no E in font nullfont!
Missing character: There is no P in font nullfont!
Missing character: There is no M in font nullfont!
Missing character: There is no 2 in font nullfont!
Missing character: There is no 4 in font nullfont!
Missing character: There is no 0 in font nullfont!
Missing character: There is no F in font nullfont!
Missing character: There is no P in font nullfont!
Missing character: There is no G in font nullfont!
Missing character: There is no A in font nullfont!
Missing character: There is no ã€‚ in font nullfont!
Missing character: There is no è¯¥ in font nullfont!
Missing character: There is no æ¬¾ in font nullfont!
Missing character: There is no F in font nullfont!
Missing character: There is no P in font nullfont!
Missing character: There is no G in font nullfont!
Missing character: There is no A in font nullfont!
Missing character: There is no åŒ… in font nullfont!
Missing character: There is no å« in font nullfont!
Missing character: There is no 1 in font nullfont!
Missing character: There is no 9 in font nullfont!
Missing character: There is no 2 in font nullfont!
Missing character: There is no ä¸ª in font nullfont!
Missing character: There is no é€» in font nullfont!
Missing character: There is no è¾‘ in font nullfont!
Missing character: There is no å• in font nullfont!
Missing character: There is no å…ƒ in font nullfont!
Missing character: There is no ï¼Œ in font nullfont!
Missing character: There is no å’Œ in font nullfont!
Missing character: There is no æ—¶ in font nullfont!
Missing character: There is no é—´ in font nullfont!
Missing character: There is no åˆ† in font nullfont!
Missing character: There is no åˆ« in font nullfont!
Missing character: There is no ä¸º in font nullfont!
Missing character: There is no 4 in font nullfont!
Missing character: There is no . in font nullfont!
Missing character: There is no 3 in font nullfont!
Missing character: There is no çº³ in font nullfont!
Missing character: There is no ç§’ in font nullfont!
Missing character: There is no å’Œ in font nullfont!
Missing character: There is no 4 in font nullfont!
Missing character: There is no . in font nullfont!
Missing character: There is no 6 in font nullfont!
Missing character: There is no çº³ in font nullfont!
Missing character: There is no ç§’ in font nullfont!
Missing character: There is no ï¼Œ in font nullfont!
Missing character: There is no ä¿¡ in font nullfont!
Missing character: There is no å· in font nullfont!
Missing character: There is no çš„ in font nullfont!
Missing character: There is no äº§ in font nullfont!
Missing character: There is no ç”Ÿ in font nullfont!
Missing character: There is no å’Œ in font nullfont!
Missing character: There is no ä¼  in font nullfont!
Missing character: There is no è¾“ in font nullfont!
Missing character: There is no å»¶ in font nullfont!
Missing character: There is no æ—¶ in font nullfont!
Missing character: There is no å¯ in font nullfont!
Missing character: There is no ä»¥ in font nullfont!
Missing character: There is no å¿½ in font nullfont!
Missing character: There is no ç•¥ in font nullfont!
Missing character: There is no ã€‚ in font nullfont!

Overfull \hbox (20.0pt too wide) in paragraph at lines 15--16
[]
 []


Overfull \hbox (24.02841pt too wide) in paragraph at lines 15--16
\OML/cmm/m/it/10 t[]$$t[]$ 
 []


! LaTeX Error: Missing \begin{document}.

See the LaTeX manual or LaTeX Companion for explanation.
Type  H <return>  for immediate help.
 ...                                              
                                                  
l.17 æ˜¾
        ç¤ºå™¨é€‰ç”¨1088BDç‚¹é˜µï¼Œè¯¥ç‚¹é˜µåŒ…8 Ã— 8å…±64ä¸ªçº¢è‰²LEDç¯ï¼Œ...

You're in trouble here.  Try typing  <return>  to proceed.
If that doesn't work, type  X <return>  to quit.

Missing character: There is no æ˜¾ in font nullfont!
Missing character: There is no ç¤º in font nullfont!
Missing character: There is no å™¨ in font nullfont!
Missing character: There is no é€‰ in font nullfont!
Missing character: There is no ç”¨ in font nullfont!
Missing character: There is no 1 in font nullfont!
Missing character: There is no 0 in font nullfont!
Missing character: There is no 8 in font nullfont!
Missing character: There is no 8 in font nullfont!
Missing character: There is no B in font nullfont!
Missing character: There is no D in font nullfont!
Missing character: There is no ç‚¹ in font nullfont!
Missing character: There is no é˜µ in font nullfont!
Missing character: There is no ï¼Œ in font nullfont!
Missing character: There is no è¯¥ in font nullfont!
Missing character: There is no ç‚¹ in font nullfont!
Missing character: There is no é˜µ in font nullfont!
Missing character: There is no åŒ… in font nullfont!
Missing character: There is no 8 in font nullfont!
Missing character: There is no Ã— in font nullfont!
Missing character: There is no 8 in font nullfont!
Missing character: There is no å…± in font nullfont!
Missing character: There is no 6 in font nullfont!
Missing character: There is no 4 in font nullfont!
Missing character: There is no ä¸ª in font nullfont!
Missing character: There is no çº¢ in font nullfont!
Missing character: There is no è‰² in font nullfont!
Missing character: There is no L in font nullfont!
Missing character: There is no E in font nullfont!
Missing character: There is no D in font nullfont!
Missing character: There is no ç¯ in font nullfont!
Missing character: There is no ï¼Œ in font nullfont!
Missing character: There is no å¯¹ in font nullfont!
Missing character: There is no æ§ in font nullfont!
Missing character: There is no åˆ¶ in font nullfont!
Missing character: There is no ä¿¡ in font nullfont!
Missing character: There is no å· in font nullfont!
Missing character: There is no çš„ in font nullfont!
Missing character: There is no å“ in font nullfont!
Missing character: There is no åº” in font nullfont!
Missing character: There is no æ—¶ in font nullfont!
Missing character: There is no é—´ in font nullfont!
Missing character: There is no ä¸º in font nullfont!
Missing character: There is no çº³ in font nullfont!
Missing character: There is no ç§’ in font nullfont!
Missing character: There is no çº§ in font nullfont!
Missing character: There is no åˆ« in font nullfont!
Missing character: There is no ï¼Œ in font nullfont!
Missing character: There is no åœ¨ in font nullfont!
Missing character: There is no æœ¬ in font nullfont!
Missing character: There is no æ–‡ in font nullfont!
Missing character: There is no å® in font nullfont!
Missing character: There is no éªŒ in font nullfont!
Missing character: There is no æ¡ in font nullfont!
Missing character: There is no ä»¶ in font nullfont!
Missing character: There is no ä¸‹ in font nullfont!
Missing character: There is no å¯ in font nullfont!
Missing character: There is no ä»¥ in font nullfont!
Missing character: There is no å¿½ in font nullfont!
Missing character: There is no ç•¥ in font nullfont!
Missing character: There is no ã€‚ in font nullfont!
Missing character: There is no è¯¥ in font nullfont!
Missing character: There is no ç‚¹ in font nullfont!
Missing character: There is no é˜µ in font nullfont!
Missing character: There is no çš„ in font nullfont!
Missing character: There is no çº¢ in font nullfont!
Missing character: There is no è‰² in font nullfont!
Missing character: There is no L in font nullfont!
Missing character: There is no E in font nullfont!
Missing character: There is no D in font nullfont!
Missing character: There is no ç¯ in font nullfont!
Missing character: There is no çš„ in font nullfont!
Missing character: There is no å…¸ in font nullfont!
Missing character: There is no å‹ in font nullfont!
Missing character: There is no ç…§ in font nullfont!
Missing character: There is no åº¦ in font nullfont!
Missing character: There is no ä¸º in font nullfont!
Missing character: There is no 1 in font nullfont!
Missing character: There is no 5 in font nullfont!
Missing character: There is no 5 in font nullfont!
Missing character: There is no 2 in font nullfont!
Missing character: There is no 4 in font nullfont!
Missing character: There is no u in font nullfont!
Missing character: There is no c in font nullfont!
Missing character: There is no d in font nullfont!
Missing character: There is no ï¼Œ in font nullfont!
Missing character: There is no ä½¿ in font nullfont!
Missing character: There is no å¾— in font nullfont!
Missing character: There is no æ‘„ in font nullfont!
Missing character: There is no åƒ in font nullfont!
Missing character: There is no å¤´ in font nullfont!
Missing character: There is no èƒ½ in font nullfont!
Missing character: There is no å¤Ÿ in font nullfont!
Missing character: There is no æ‹ in font nullfont!
Missing character: There is no æ‘„ in font nullfont!
Missing character: There is no åˆ° in font nullfont!
Missing character: There is no æ¸… in font nullfont!
Missing character: There is no æ™° in font nullfont!
Missing character: There is no çš„ in font nullfont!
Missing character: There is no L in font nullfont!
Missing character: There is no E in font nullfont!
Missing character: There is no D in font nullfont!
Missing character: There is no ç¯ in font nullfont!
Missing character: There is no å›¾ in font nullfont!
Missing character: There is no åƒ in font nullfont!
Missing character: There is no ã€‚ in font nullfont!
Missing character: There is no å¤š in font nullfont!
Missing character: There is no æ‘„ in font nullfont!
Missing character: There is no åƒ in font nullfont!
Missing character: There is no å¤´ in font nullfont!
Missing character: There is no ç³» in font nullfont!
Missing character: There is no ç»Ÿ in font nullfont!
Missing character: There is no åŠ in font nullfont!
Missing character: There is no æ‹ in font nullfont!
Missing character: There is no æ‘„ in font nullfont!
Missing character: There is no æ—¶ in font nullfont!
Missing character: There is no é—´ in font nullfont!
Missing character: There is no æ£€ in font nullfont!
Missing character: There is no æµ‹ in font nullfont!
Missing character: There is no ç³» in font nullfont!
Missing character: There is no ç»Ÿ in font nullfont!
Missing character: There is no å¦‚ in font nullfont!
Missing character: There is no å›¾ in font nullfont!
! Undefined control sequence.
<write> ...rning: Reference `ss' on page \thepage 
                                                  \space undefined\on@line .^^J
l.17 ...åŠæ‹æ‘„æ—¶é—´æ£€æµ‹ç³»ç»Ÿå¦‚å›¾~\ref{ss}
                                                  æ‰€ç¤ºã€‚
The control sequence at the end of the top line
of your error message was never \def'ed. If you have
misspelled it (e.g., `\hobx'), type `I' and the correct
spelling (e.g., `I\hbox'). Otherwise just continue,
and I'll forget about whatever was undefined.


LaTeX Warning: Reference `ss' on page  undefined on input line 17.

Missing character: There is no æ‰€ in font nullfont!
Missing character: There is no ç¤º in font nullfont!
Missing character: There is no ã€‚ in font nullfont!

Overfull \hbox (20.0pt too wide) in paragraph at lines 17--18
[]
 []


Overfull \hbox (10.86105pt too wide) in paragraph at lines 17--18
[] 
 []


! LaTeX Error: Environment figure undefined.

See the LaTeX manual or LaTeX Companion for explanation.
Type  H <return>  for immediate help.
 ...                                              
                                                  
l.19 \begin{figure}
                   [h]
Your command was ignored.
Type  I <command> <return>  to replace it with another command,
or  <return>  to continue without it.


! LaTeX Error: Missing \begin{document}.

See the LaTeX manual or LaTeX Companion for explanation.
Type  H <return>  for immediate help.
 ...                                              
                                                  
l.19 \begin{figure}[
                    h]
You're in trouble here.  Try typing  <return>  to proceed.
If that doesn't work, type  X <return>  to quit.

Missing character: There is no [ in font nullfont!
Missing character: There is no h in font nullfont!
Missing character: There is no ] in font nullfont!
! Undefined control sequence.
l.21     \subcaptionbox
                       {å¤šæ‘„åƒå¤´ç³»ç»Ÿ}
The control sequence at the end of the top line
of your error message was never \def'ed. If you have
misspelled it (e.g., `\hobx'), type `I' and the correct
spelling (e.g., `I\hbox'). Otherwise just continue,
and I'll forget about whatever was undefined.

Missing character: There is no å¤š in font nullfont!
Missing character: There is no æ‘„ in font nullfont!
Missing character: There is no åƒ in font nullfont!
Missing character: There is no å¤´ in font nullfont!
Missing character: There is no ç³» in font nullfont!
Missing character: There is no ç»Ÿ in font nullfont!
! Undefined control sequence.
l.22     {\includegraphics
                          [height=5cm]{computer}}
The control sequence at the end of the top line
of your error message was never \def'ed. If you have
misspelled it (e.g., `\hobx'), type `I' and the correct
spelling (e.g., `I\hbox'). Otherwise just continue,
and I'll forget about whatever was undefined.

Missing character: There is no [ in font nullfont!
Missing character: There is no h in font nullfont!
Missing character: There is no e in font nullfont!
Missing character: There is no i in font nullfont!
Missing character: There is no g in font nullfont!
Missing character: There is no h in font nullfont!
Missing character: There is no t in font nullfont!
Missing character: There is no = in font nullfont!
Missing character: There is no 5 in font nullfont!
Missing character: There is no c in font nullfont!
Missing character: There is no m in font nullfont!
Missing character: There is no ] in font nullfont!
Missing character: There is no c in font nullfont!
Missing character: There is no o in font nullfont!
Missing character: There is no m in font nullfont!
Missing character: There is no p in font nullfont!
Missing character: There is no u in font nullfont!
Missing character: There is no t in font nullfont!
Missing character: There is no e in font nullfont!
Missing character: There is no r in font nullfont!
! Undefined control sequence.
l.23   \subcaptionbox
                     {æ‹æ‘„æ—¶é—´æ£€æµ‹ç³»ç»Ÿ}
The control sequence at the end of the top line
of your error message was never \def'ed. If you have
misspelled it (e.g., `\hobx'), type `I' and the correct
spelling (e.g., `I\hbox'). Otherwise just continue,
and I'll forget about whatever was undefined.

Missing character: There is no æ‹ in font nullfont!
Missing character: There is no æ‘„ in font nullfont!
Missing character: There is no æ—¶ in font nullfont!
Missing character: There is no é—´ in font nullfont!
Missing character: There is no æ£€ in font nullfont!
Missing character: There is no æµ‹ in font nullfont!
Missing character: There is no ç³» in font nullfont!
Missing character: There is no ç»Ÿ in font nullfont!
! Undefined control sequence.
l.24       {\includegraphics
                            [height=5cm]{detect}}
The control sequence at the end of the top line
of your error message was never \def'ed. If you have
misspelled it (e.g., `\hobx'), type `I' and the correct
spelling (e.g., `I\hbox'). Otherwise just continue,
and I'll forget about whatever was undefined.

Missing character: There is no [ in font nullfont!
Missing character: There is no h in font nullfont!
Missing character: There is no e in font nullfont!
Missing character: There is no i in font nullfont!
Missing character: There is no g in font nullfont!
Missing character: There is no h in font nullfont!
Missing character: There is no t in font nullfont!
Missing character: There is no = in font nullfont!
Missing character: There is no 5 in font nullfont!
Missing character: There is no c in font nullfont!
Missing character: There is no m in font nullfont!
Missing character: There is no ] in font nullfont!
Missing character: There is no d in font nullfont!
Missing character: There is no e in font nullfont!
Missing character: There is no t in font nullfont!
Missing character: There is no e in font nullfont!
Missing character: There is no c in font nullfont!
Missing character: There is no t in font nullfont!

! LaTeX Error: \caption outside float.

See the LaTeX manual or LaTeX Companion for explanation.
Type  H <return>  for immediate help.
 ...                                              
                                                  
l.25   \caption
               {å¤šæ‘„åƒå¤´ç³»ç»ŸåŠæ‹æ‘„æ—¶é—´æ£€æµ‹ç³»ç»Ÿ}
You're in trouble here.  Try typing  <return>  to proceed.
If that doesn't work, type  X <return>  to quit.

Missing character: There is no å¤š in font nullfont!
Missing character: There is no æ‘„ in font nullfont!
Missing character: There is no åƒ in font nullfont!
Missing character: There is no å¤´ in font nullfont!
Missing character: There is no ç³» in font nullfont!
Missing character: There is no ç»Ÿ in font nullfont!
Missing character: There is no åŠ in font nullfont!
Missing character: There is no æ‹ in font nullfont!
Missing character: There is no æ‘„ in font nullfont!
Missing character: There is no æ—¶ in font nullfont!
Missing character: There is no é—´ in font nullfont!
Missing character: There is no æ£€ in font nullfont!
Missing character: There is no æµ‹ in font nullfont!
Missing character: There is no ç³» in font nullfont!
Missing character: There is no ç»Ÿ in font nullfont!

! LaTeX Error: \begin{document} ended by \end{figure}.

See the LaTeX manual or LaTeX Companion for explanation.
Type  H <return>  for immediate help.
 ...                                              
                                                  
l.27 \end{figure}
                 
Your command was ignored.
Type  I <command> <return>  to replace it with another command,
or  <return>  to continue without it.


Overfull \hbox (20.0pt too wide) in paragraph at lines 19--28
[]
 []

! Undefined control sequence.
l.29 \section
             {LEDç‚¹é˜µç¼–ç æ–¹æ³•æ¯”è¾ƒ}
The control sequence at the end of the top line
of your error message was never \def'ed. If you have
misspelled it (e.g., `\hobx'), type `I' and the correct
spelling (e.g., `I\hbox'). Otherwise just continue,
and I'll forget about whatever was undefined.


! LaTeX Error: Missing \begin{document}.

See the LaTeX manual or LaTeX Companion for explanation.
Type  H <return>  for immediate help.
 ...                                              
                                                  
l.29 \section{L
               EDç‚¹é˜µç¼–ç æ–¹æ³•æ¯”è¾ƒ}
You're in trouble here.  Try typing  <return>  to proceed.
If that doesn't work, type  X <return>  to quit.

Missing character: There is no L in font nullfont!
Missing character: There is no E in font nullfont!
Missing character: There is no D in font nullfont!
Missing character: There is no ç‚¹ in font nullfont!
Missing character: There is no é˜µ in font nullfont!
Missing character: There is no ç¼– in font nullfont!
Missing character: There is no ç  in font nullfont!
Missing character: There is no æ–¹ in font nullfont!
Missing character: There is no æ³• in font nullfont!
Missing character: There is no æ¯” in font nullfont!
Missing character: There is no è¾ƒ in font nullfont!

Overfull \hbox (20.0pt too wide) in paragraph at lines 29--30
[] 
 []


! LaTeX Error: Environment figure undefined.

See the LaTeX manual or LaTeX Companion for explanation.
Type  H <return>  for immediate help.
 ...                                              
                                                  
l.31 \begin{figure}
                   [h]
Your command was ignored.
Type  I <command> <return>  to replace it with another command,
or  <return>  to continue without it.


! LaTeX Error: Missing \begin{document}.

See the LaTeX manual or LaTeX Companion for explanation.
Type  H <return>  for immediate help.
 ...                                              
                                                  
l.31 \begin{figure}[
                    h]
You're in trouble here.  Try typing  <return>  to proceed.
If that doesn't work, type  X <return>  to quit.

Missing character: There is no [ in font nullfont!
Missing character: There is no h in font nullfont!
Missing character: There is no ] in font nullfont!
! Undefined control sequence.
l.33   \includegraphics
                       [height=5cm]{coding}
The control sequence at the end of the top line
of your error message was never \def'ed. If you have
misspelled it (e.g., `\hobx'), type `I' and the correct
spelling (e.g., `I\hbox'). Otherwise just continue,
and I'll forget about whatever was undefined.

Missing character: There is no [ in font nullfont!
Missing character: There is no h in font nullfont!
Missing character: There is no e in font nullfont!
Missing character: There is no i in font nullfont!
Missing character: There is no g in font nullfont!
Missing character: There is no h in font nullfont!
Missing character: There is no t in font nullfont!
Missing character: There is no = in font nullfont!
Missing character: There is no 5 in font nullfont!
Missing character: There is no c in font nullfont!
Missing character: There is no m in font nullfont!
Missing character: There is no ] in font nullfont!
Missing character: There is no c in font nullfont!
Missing character: There is no o in font nullfont!
Missing character: There is no d in font nullfont!
Missing character: There is no i in font nullfont!
Missing character: There is no n in font nullfont!
Missing character: There is no g in font nullfont!

! LaTeX Error: \caption outside float.

See the LaTeX manual or LaTeX Companion for explanation.
Type  H <return>  for immediate help.
 ...                                              
                                                  
l.34   \caption
               {LEDç‚¹é˜µç¼–ç æ–¹æ³•æ¯”è¾ƒ}
You're in trouble here.  Try typing  <return>  to proceed.
If that doesn't work, type  X <return>  to quit.

Missing character: There is no L in font nullfont!
Missing character: There is no E in font nullfont!
Missing character: There is no D in font nullfont!
Missing character: There is no ç‚¹ in font nullfont!
Missing character: There is no é˜µ in font nullfont!
Missing character: There is no ç¼– in font nullfont!
Missing character: There is no ç  in font nullfont!
Missing character: There is no æ–¹ in font nullfont!
Missing character: There is no æ³• in font nullfont!
Missing character: There is no æ¯” in font nullfont!
Missing character: There is no è¾ƒ in font nullfont!

! LaTeX Error: \begin{document} ended by \end{figure}.

See the LaTeX manual or LaTeX Companion for explanation.
Type  H <return>  for immediate help.
 ...                                              
                                                  
l.36 \end{figure}
                 
Your command was ignored.
Type  I <command> <return>  to replace it with another command,
or  <return>  to continue without it.


Overfull \hbox (20.0pt too wide) in paragraph at lines 31--37
[]
 []

! Undefined control sequence.
l.39 \section
             {æ‘„åƒå¤´æ‹æ‘„æ—¶é—´æ£€æµ‹}
The control sequence at the end of the top line
of your error message was never \def'ed. If you have
misspelled it (e.g., `\hobx'), type `I' and the correct
spelling (e.g., `I\hbox'). Otherwise just continue,
and I'll forget about whatever was undefined.


! LaTeX Error: Missing \begin{document}.

See the LaTeX manual or LaTeX Companion for explanation.
Type  H <return>  for immediate help.
 ...                                              
                                                  
l.39 \section{æ‘„
                 åƒå¤´æ‹æ‘„æ—¶é—´æ£€æµ‹}
You're in trouble here.  Try typing  <return>  to proceed.
If that doesn't work, type  X <return>  to quit.

Missing character: There is no æ‘„ in font nullfont!
Missing character: There is no åƒ in font nullfont!
Missing character: There is no å¤´ in font nullfont!
Missing character: There is no æ‹ in font nullfont!
Missing character: There is no æ‘„ in font nullfont!
Missing character: There is no æ—¶ in font nullfont!
Missing character: There is no é—´ in font nullfont!
Missing character: There is no æ£€ in font nullfont!
Missing character: There is no æµ‹ in font nullfont!

Overfull \hbox (20.0pt too wide) in paragraph at lines 39--40
[] 
 []


! LaTeX Error: Environment figure undefined.

See the LaTeX manual or LaTeX Companion for explanation.
Type  H <return>  for immediate help.
 ...                                              
                                                  
l.41 \begin{figure}
                   [h]
Your command was ignored.
Type  I <command> <return>  to replace it with another command,
or  <return>  to continue without it.


! LaTeX Error: Missing \begin{document}.

See the LaTeX manual or LaTeX Companion for explanation.
Type  H <return>  for immediate help.
 ...                                              
                                                  
l.41 \begin{figure}[
                    h]
You're in trouble here.  Try typing  <return>  to proceed.
If that doesn't work, type  X <return>  to quit.

Missing character: There is no [ in font nullfont!
Missing character: There is no h in font nullfont!
Missing character: There is no ] in font nullfont!
! Undefined control sequence.
l.43   \includegraphics
                       [height=5cm]{stamp}
The control sequence at the end of the top line
of your error message was never \def'ed. If you have
misspelled it (e.g., `\hobx'), type `I' and the correct
spelling (e.g., `I\hbox'). Otherwise just continue,
and I'll forget about whatever was undefined.

Missing character: There is no [ in font nullfont!
Missing character: There is no h in font nullfont!
Missing character: There is no e in font nullfont!
Missing character: There is no i in font nullfont!
Missing character: There is no g in font nullfont!
Missing character: There is no h in font nullfont!
Missing character: There is no t in font nullfont!
Missing character: There is no = in font nullfont!
Missing character: There is no 5 in font nullfont!
Missing character: There is no c in font nullfont!
Missing character: There is no m in font nullfont!
Missing character: There is no ] in font nullfont!
Missing character: There is no s in font nullfont!
Missing character: There is no t in font nullfont!
Missing character: There is no a in font nullfont!
Missing character: There is no m in font nullfont!
Missing character: There is no p in font nullfont!

! LaTeX Error: \caption outside float.

See the LaTeX manual or LaTeX Companion for explanation.
Type  H <return>  for immediate help.
 ...                                              
                                                  
l.44   \caption
               {ç³»ç»Ÿæ£€æµ‹æ—¶é—´ä¸æ‘„åƒå¤´æ—¶é—´æˆ³æ—¶é—´æ¯”è¾ƒ}
You're in trouble here.  Try typing  <return>  to proceed.
If that doesn't work, type  X <return>  to quit.

Missing character: There is no ç³» in font nullfont!
Missing character: There is no ç»Ÿ in font nullfont!
Missing character: There is no æ£€ in font nullfont!
Missing character: There is no æµ‹ in font nullfont!
Missing character: There is no æ—¶ in font nullfont!
Missing character: There is no é—´ in font nullfont!
Missing character: There is no ä¸ in font nullfont!
Missing character: There is no æ‘„ in font nullfont!
Missing character: There is no åƒ in font nullfont!
Missing character: There is no å¤´ in font nullfont!
Missing character: There is no æ—¶ in font nullfont!
Missing character: There is no é—´ in font nullfont!
Missing character: There is no æˆ³ in font nullfont!
Missing character: There is no æ—¶ in font nullfont!
Missing character: There is no é—´ in font nullfont!
Missing character: There is no æ¯” in font nullfont!
Missing character: There is no è¾ƒ in font nullfont!

! LaTeX Error: \begin{document} ended by \end{figure}.

See the LaTeX manual or LaTeX Companion for explanation.
Type  H <return>  for immediate help.
 ...                                              
                                                  
l.46 \end{figure}
                 
Your command was ignored.
Type  I <command> <return>  to replace it with another command,
or  <return>  to continue without it.


Overfull \hbox (20.0pt too wide) in paragraph at lines 41--47
[]
 []

! Undefined control sequence.
l.49 \section
             {å¤šæ‘„åƒå¤´ç³»ç»Ÿæ—¶é—´åŒæ­¥}
The control sequence at the end of the top line
of your error message was never \def'ed. If you have
misspelled it (e.g., `\hobx'), type `I' and the correct
spelling (e.g., `I\hbox'). Otherwise just continue,
and I'll forget about whatever was undefined.


! LaTeX Error: Missing \begin{document}.

See the LaTeX manual or LaTeX Companion for explanation.
Type  H <return>  for immediate help.
 ...                                              
                                                  
l.49 \section{å¤š
                 æ‘„åƒå¤´ç³»ç»Ÿæ—¶é—´åŒæ­¥}
You're in trouble here.  Try typing  <return>  to proceed.
If that doesn't work, type  X <return>  to quit.

Missing character: There is no å¤š in font nullfont!
Missing character: There is no æ‘„ in font nullfont!
Missing character: There is no åƒ in font nullfont!
Missing character: There is no å¤´ in font nullfont!
Missing character: There is no ç³» in font nullfont!
Missing character: There is no ç»Ÿ in font nullfont!
Missing character: There is no æ—¶ in font nullfont!
Missing character: There is no é—´ in font nullfont!
Missing character: There is no åŒ in font nullfont!
Missing character: There is no æ­¥ in font nullfont!

Overfull \hbox (20.0pt too wide) in paragraph at lines 49--50
[] 
 []

! Undefined control sequence.
l.53 \section
             {æœ¬æ–‡çš„ä¸»è¦è´¡çŒ®}
The control sequence at the end of the top line
of your error message was never \def'ed. If you have
misspelled it (e.g., `\hobx'), type `I' and the correct
spelling (e.g., `I\hbox'). Otherwise just continue,
and I'll forget about whatever was undefined.


! LaTeX Error: Missing \begin{document}.

See the LaTeX manual or LaTeX Companion for explanation.
Type  H <return>  for immediate help.
 ...                                              
                                                  
l.53 \section{æœ¬
                 æ–‡çš„ä¸»è¦è´¡çŒ®}
You're in trouble here.  Try typing  <return>  to proceed.
If that doesn't work, type  X <return>  to quit.

Missing character: There is no æœ¬ in font nullfont!
Missing character: There is no æ–‡ in font nullfont!
Missing character: There is no çš„ in font nullfont!
Missing character: There is no ä¸» in font nullfont!
Missing character: There is no è¦ in font nullfont!
Missing character: There is no è´¡ in font nullfont!
Missing character: There is no çŒ® in font nullfont!

Overfull \hbox (20.0pt too wide) in paragraph at lines 53--54
[] 
 []

)
*
! Emergency stop.
<*> .../finalPaper/thuthesis-5.0.0/data/chap05.tex
                                                  
End of file on the terminal!

 
Here is how much of TeX's memory you used:
 14 strings out of 428408
 279 string characters out of 3160622
 54104 words of memory out of 3000000
 3509 multiletter control sequences out of 15000+200000
 3948 words of font info for 15 fonts, out of 3000000 for 9000
 1328 hyphenation exceptions out of 8191
 24i,5n,14p,417b,104s stack positions out of 5000i,500n,10000p,200000b,50000s
No pages of output.
