\BOOKMARK [-1][]{ctitle.-1}{\376\377\131\032\144\104\120\317\131\064\174\373\176\337\166\204\145\366\225\364\124\014\153\145}{}% 1
\BOOKMARK [0][]{thuchapter.1.0}{\376\377\144\130\000\040\211\201}{ctitle.-1}% 2
\BOOKMARK [0][]{thuchapter.2.0}{\376\377\000A\000b\000s\000t\000r\000a\000c\000t}{ctitle.-1}% 3
\BOOKMARK [0][]{thuchapter.3.0}{\376\377\166\356\000\040\137\125}{ctitle.-1}% 4
\BOOKMARK [0][]{chapter.1}{\376\377\173\054\0001\172\340\000\040\137\025\212\000}{ctitle.-1}% 5
\BOOKMARK [1][-]{section.1.1}{\376\377\0001\000.\0001\000\040\170\024\172\166\200\314\146\157}{chapter.1}% 6
\BOOKMARK [1][-]{section.1.2}{\376\377\0001\000.\0002\000\040\116\073\211\201\170\024\172\166\121\205\133\271\124\214\143\021\142\030}{chapter.1}% 7
\BOOKMARK [1][-]{section.1.3}{\376\377\0001\000.\0003\000\040\116\073\211\201\215\041\163\056\124\214\176\304\176\307\176\323\147\204}{chapter.1}% 8
\BOOKMARK [0][]{chapter.2}{\376\377\173\054\0002\172\340\000\040\170\024\172\166\163\260\162\266\124\214\166\370\121\163\135\345\117\134}{ctitle.-1}% 9
\BOOKMARK [1][-]{section.2.1}{\376\377\0002\000.\0001\000\040\147\054\172\340\137\025\212\000}{chapter.2}% 10
\BOOKMARK [1][-]{section.2.2}{\376\377\0002\000.\0002\000\040\137\161\211\306\122\147\116\016\171\076\116\244\177\121\176\334}{chapter.2}% 11
\BOOKMARK [1][-]{section.2.3}{\376\377\0002\000.\0003\000\040\126\340\147\234\122\006\147\220\154\325}{chapter.2}% 12
\BOOKMARK [1][-]{section.2.4}{\376\377\0002\000.\0004\000\040\127\372\116\216\120\076\124\021\120\074\123\071\221\115\166\204\126\340\147\234\122\006\147\220}{chapter.2}% 13
\BOOKMARK [1][-]{section.2.5}{\376\377\0002\000.\0005\000\040\147\054\172\340\134\017\176\323}{chapter.2}% 14
\BOOKMARK [0][]{chapter.3}{\376\377\173\054\0003\172\340\000\040\145\160\143\156\226\306\116\016\155\113\221\317\122\006\147\220}{ctitle.-1}% 15
\BOOKMARK [1][-]{section.3.1}{\376\377\0003\000.\0001\000\040\137\025\212\000}{chapter.3}% 16
\BOOKMARK [1][-]{section.3.2}{\376\377\0003\000.\0002\000\040\145\160\143\156\226\306}{chapter.3}% 17
\BOOKMARK [2][-]{subsection.3.2.1}{\376\377\0003\000.\0002\000.\0001\000\040\145\160\143\156\147\145\156\220}{section.3.2}% 18
\BOOKMARK [2][-]{subsection.3.2.2}{\376\377\0003\000.\0002\000.\0002\000\040\162\171\137\201\143\320\123\326}{section.3.2}% 19
\BOOKMARK [1][-]{section.3.3}{\376\377\0003\000.\0003\000\040\155\113\221\317\122\006\147\220}{chapter.3}% 20
\BOOKMARK [2][-]{subsection.3.3.1}{\376\377\0003\000.\0003\000.\0001\000\040\137\256\123\132\137\161\124\315\122\233\116\016\213\335\230\230\160\355\136\246}{section.3.3}% 21
\BOOKMARK [2][-]{subsection.3.3.2}{\376\377\0003\000.\0003\000.\0002\000\040\143\250\136\177\152\041\137\017}{section.3.3}% 22
\BOOKMARK [1][-]{section.3.4}{\376\377\0003\000.\0004\000\040\147\054\172\340\134\017\176\323}{chapter.3}% 23
\BOOKMARK [0][]{chapter.4}{\376\377\173\054\0004\172\340\000\040\157\024\124\130\171\076\116\244\143\250\136\177\210\114\116\072\166\204\120\076\124\021\120\074\123\071\221\115\173\227\154\325}{ctitle.-1}% 24
\BOOKMARK [1][-]{section.4.1}{\376\377\0004\000.\0001\000\040\137\025\212\000}{chapter.4}% 25
\BOOKMARK [1][-]{section.4.2}{\376\377\0004\000.\0002\000\040\145\160\143\156\131\004\164\006}{chapter.4}% 26
\BOOKMARK [2][-]{subsection.4.2.1}{\376\377\0004\000.\0002\000.\0001\000\040\000*\000*\145\160\143\156\156\005\155\027}{section.4.2}% 27
\BOOKMARK [2][-]{subsection.4.2.2}{\376\377\0004\000.\0002\000.\0002\000\040\155\367\155\306\123\330\221\317}{section.4.2}% 28
\BOOKMARK [2][-]{subsection.4.2.3}{\376\377\0004\000.\0002\000.\0003\000\040\143\250\136\177\173\126\165\145}{section.4.2}% 29
\BOOKMARK [1][-]{section.4.3}{\376\377\0004\000.\0003\000\040\173\227\154\325\153\145\232\244}{chapter.4}% 30
\BOOKMARK [1][-]{section.4.4}{\376\377\0004\000.\0004\000\040\127\372\116\216\213\335\230\230\157\024\123\026\120\076\124\021\120\074\123\071\221\115}{chapter.4}% 31
\BOOKMARK [1][-]{section.4.5}{\376\377\0004\000.\0005\000\040\146\076\204\127\140\047\123\312\136\163\210\141\140\047\150\300\232\214}{chapter.4}% 32
\BOOKMARK [1][-]{section.4.6}{\376\377\0004\000.\0006\000\040\147\054\172\340\134\017\176\323}{chapter.4}% 33
\BOOKMARK [0][]{chapter.5}{\376\377\173\054\0005\172\340\000\040\133\236\232\214\116\016\176\323\147\234\122\006\147\220}{ctitle.-1}% 34
\BOOKMARK [1][-]{section.5.1}{\376\377\0005\000.\0001\000\040\137\025\212\000}{chapter.5}% 35
\BOOKMARK [1][-]{section.5.2}{\376\377\0005\000.\0002\000\040\157\024\124\130\171\076\116\244\143\250\136\177\210\114\116\072\166\204\120\076\124\021\120\074\123\071\221\115}{chapter.5}% 36
\BOOKMARK [1][-]{section.5.3}{\376\377\0005\000.\0003\000\040\127\372\116\216\213\335\230\230\157\024\123\026\120\076\124\021\120\074\123\071\221\115}{chapter.5}% 37
\BOOKMARK [1][-]{section.5.4}{\376\377\0005\000.\0004\000\040\143\250\136\177\173\126\165\145\220\011\142\351\217\205\122\251\174\373\176\337}{chapter.5}% 38
\BOOKMARK [1][-]{section.5.5}{\376\377\0005\000.\0005\000\040\147\054\172\340\134\017\176\323}{chapter.5}% 39
\BOOKMARK [0][]{chapter.6}{\376\377\173\054\0006\172\340\000\040\140\073\176\323\116\016\134\125\147\033}{ctitle.-1}% 40
\BOOKMARK [1][-]{section.6.1}{\376\377\0006\000.\0001\000\040\135\345\117\134\140\073\176\323}{chapter.6}% 41
\BOOKMARK [1][-]{section.6.2}{\376\377\0006\000.\0002\000\040\147\052\147\145\134\125\147\033}{chapter.6}% 42
\BOOKMARK [0][]{section.6.2}{\376\377\123\302\200\003\145\207\163\056}{ctitle.-1}% 43
\BOOKMARK [0][]{chapter*.29}{\376\377\201\364\000\040\214\042}{ctitle.-1}% 44
\BOOKMARK [0][]{chapter*.30}{\376\377\130\360\000\040\146\016}{ctitle.-1}% 45
\BOOKMARK [0][]{chapter*.31}{\376\377\116\052\116\272\173\200\123\206\060\001\127\050\133\146\147\037\225\364\123\321\210\150\166\204\133\146\147\057\213\272\145\207\116\016\170\024\172\166\142\020\147\234}{ctitle.-1}% 46
